[ 2016-08-29T14:42:02+08:00 ] 221.14.180.240 /index.php/Pangu/Index/index
INFO: [ app_init ] --START--
INFO: Run Behavior\BuildLiteBehavior [ RunTime:0.000017s ]
INFO: [ app_init ] --END-- [ RunTime:0.000296s ]
INFO: [ app_begin ] --START--
INFO: Run Behavior\ReadHtmlCacheBehavior [ RunTime:0.000425s ]
INFO: [ app_begin ] --END-- [ RunTime:0.000490s ]
NOTIC: [8192] mysql_connect(): The mysql extension is deprecated and will be removed in the future: use mysqli or PDO instead /alidata/www/xmzkjqx/ThinkPHP/Library/Think/Session/Driver/Db.class.php 第 95 行.
INFO: [ view_parse ] --START--
INFO: [ template_filter ] --START--
INFO: Run Behavior\ContentReplaceBehavior [ RunTime:0.000082s ]
INFO: [ template_filter ] --END-- [ RunTime:0.000188s ]
INFO: Run Behavior\ParseTemplateBehavior [ RunTime:0.034883s ]
INFO: [ view_parse ] --END-- [ RunTime:0.034959s ]
INFO: [ view_filter ] --START--
INFO: Run Behavior\WriteHtmlCacheBehavior [ RunTime:0.000167s ]
INFO: [ view_filter ] --END-- [ RunTime:0.000213s ]
INFO: [ app_end ] --START--
INFO: Run Behavior\ShowPageTraceBehavior [ RunTime:0.000499s ]
INFO: [ app_end ] --END-- [ RunTime:0.000556s ]

[ 2016-08-29T14:42:03+08:00 ] 221.14.180.240 /index.php/Pangu/Index/welcome.html
INFO: [ app_init ] --START--
INFO: Run Behavior\BuildLiteBehavior [ RunTime:0.000015s ]
INFO: [ app_init ] --END-- [ RunTime:0.000297s ]
INFO: [ app_begin ] --START--
INFO: Run Behavior\ReadHtmlCacheBehavior [ RunTime:0.000352s ]
INFO: [ app_begin ] --END-- [ RunTime:0.000404s ]
NOTIC: [8192] mysql_connect(): The mysql extension is deprecated and will be removed in the future: use mysqli or PDO instead /alidata/www/xmzkjqx/ThinkPHP/Library/Think/Session/Driver/Db.class.php 第 95 行.
NOTIC: [8] Undefined index: SystemRoot /alidata/www/xmzkjqx/Application/Pangu/Controller/IndexController.class.php 第 30 行.
INFO: [ view_parse ] --START--
INFO: [ template_filter ] --START--
INFO: Run Behavior\ContentReplaceBehavior [ RunTime:0.000047s ]
INFO: [ template_filter ] --END-- [ RunTime:0.000097s ]
INFO: Run Behavior\ParseTemplateBehavior [ RunTime:0.016011s ]
INFO: [ view_parse ] --END-- [ RunTime:0.016060s ]
INFO: [ view_filter ] --START--
INFO: Run Behavior\WriteHtmlCacheBehavior [ RunTime:0.000128s ]
INFO: [ view_filter ] --END-- [ RunTime:0.000164s ]
INFO: [ app_end ] --START--
INFO: Run Behavior\ShowPageTraceBehavior [ RunTime:0.000366s ]
INFO: [ app_end ] --END-- [ RunTime:0.000406s ]

[ 2016-08-29T14:42:03+08:00 ] 221.14.180.240 /index.php/Pangu/Index/skin/default/skin.css
INFO: [ app_init ] --START--
INFO: Run Behavior\BuildLiteBehavior [ RunTime:0.000018s ]
INFO: [ app_init ] --END-- [ RunTime:0.000324s ]
INFO: [ app_begin ] --START--
INFO: Run Behavior\ReadHtmlCacheBehavior [ RunTime:0.000355s ]
INFO: [ app_begin ] --END-- [ RunTime:0.000398s ]
NOTIC: [8192] mysql_connect(): The mysql extension is deprecated and will be removed in the future: use mysqli or PDO instead /alidata/www/xmzkjqx/ThinkPHP/Library/Think/Session/Driver/Db.class.php 第 95 行.
ERR: 非法操作:skin

[ 2016-08-29T14:42:03+08:00 ] 221.14.180.240 /index.php/Pangu/Index/skin/default/skin.css
INFO: [ app_init ] --START--
INFO: Run Behavior\BuildLiteBehavior [ RunTime:0.000016s ]
INFO: [ app_init ] --END-- [ RunTime:0.000289s ]
INFO: [ app_begin ] --START--
INFO: Run Behavior\ReadHtmlCacheBehavior [ RunTime:0.000344s ]
INFO: [ app_begin ] --END-- [ RunTime:0.000389s ]
NOTIC: [8192] mysql_connect(): The mysql extension is deprecated and will be removed in the future: use mysqli or PDO instead /alidata/www/xmzkjqx/ThinkPHP/Library/Think/Session/Driver/Db.class.php 第 95 行.
ERR: 非法操作:skin

[ 2016-08-29T14:42:05+08:00 ] 221.14.180.240 /index.php/Pangu/Index/kanjia.html
INFO: [ app_init ] --START--
INFO: Run Behavior\BuildLiteBehavior [ RunTime:0.000043s ]
INFO: [ app_init ] --END-- [ RunTime:0.000317s ]
INFO: [ app_begin ] --START--
INFO: Run Behavior\ReadHtmlCacheBehavior [ RunTime:0.000380s ]
INFO: [ app_begin ] --END-- [ RunTime:0.000431s ]
NOTIC: [8192] mysql_connect(): The mysql extension is deprecated and will be removed in the future: use mysqli or PDO instead /alidata/www/xmzkjqx/ThinkPHP/Library/Think/Session/Driver/Db.class.php 第 95 行.
SQL: SELECT a.goods_no,a.goods_name,b.* FROM pg_goods a,pg_kanjia b WHERE a.id = b.pid [ RunTime:0.0007s ]
INFO: [ view_parse ] --START--
INFO: [ template_filter ] --START--
INFO: Run Behavior\ContentReplaceBehavior [ RunTime:0.000052s ]
INFO: [ template_filter ] --END-- [ RunTime:0.000096s ]
NOTIC: [8] Undefined variable: type /alidata/www/xmzkjqx/Application/Runtime/Cache/Pangu/0a01e3a416f2a2a76a3f4eb09ce9d0ab.php 第 38 行.
NOTIC: [8] Undefined variable: type /alidata/www/xmzkjqx/Application/Runtime/Cache/Pangu/0a01e3a416f2a2a76a3f4eb09ce9d0ab.php 第 70 行.
NOTIC: [8] Undefined variable: type /alidata/www/xmzkjqx/Application/Runtime/Cache/Pangu/0a01e3a416f2a2a76a3f4eb09ce9d0ab.php 第 70 行.
NOTIC: [8] Undefined variable: type /alidata/www/xmzkjqx/Application/Runtime/Cache/Pangu/0a01e3a416f2a2a76a3f4eb09ce9d0ab.php 第 70 行.
NOTIC: [8] Undefined variable: type /alidata/www/xmzkjqx/Application/Runtime/Cache/Pangu/0a01e3a416f2a2a76a3f4eb09ce9d0ab.php 第 70 行.
NOTIC: [8] Undefined variable: page /alidata/www/xmzkjqx/Application/Runtime/Cache/Pangu/0a01e3a416f2a2a76a3f4eb09ce9d0ab.php 第 76 行.
INFO: Run Behavior\ParseTemplateBehavior [ RunTime:0.013023s ]
INFO: [ view_parse ] --END-- [ RunTime:0.013066s ]
INFO: [ view_filter ] --START--
INFO: Run Behavior\WriteHtmlCacheBehavior [ RunTime:0.000124s ]
INFO: [ view_filter ] --END-- [ RunTime:0.000159s ]
INFO: [ app_end ] --START--
INFO: Run Behavior\ShowPageTraceBehavior [ RunTime:0.000368s ]
INFO: [ app_end ] --END-- [ RunTime:0.000407s ]

[ 2016-08-29T14:42:05+08:00 ] 221.14.180.240 /index.php/Pangu/Index/kanjia.html
INFO: [ app_init ] --START--
INFO: Run Behavior\BuildLiteBehavior [ RunTime:0.000012s ]
INFO: [ app_init ] --END-- [ RunTime:0.000393s ]
INFO: [ app_begin ] --START--
INFO: Run Behavior\ReadHtmlCacheBehavior [ RunTime:0.000337s ]
INFO: [ app_begin ] --END-- [ RunTime:0.000379s ]
NOTIC: [8192] mysql_connect(): The mysql extension is deprecated and will be removed in the future: use mysqli or PDO instead /alidata/www/xmzkjqx/ThinkPHP/Library/Think/Session/Driver/Db.class.php 第 95 行.
SQL: SELECT a.goods_no,a.goods_name,b.* FROM pg_goods a,pg_kanjia b WHERE a.id = b.pid [ RunTime:0.0002s ]
INFO: [ view_parse ] --START--
INFO: [ template_filter ] --START--
INFO: Run Behavior\ContentReplaceBehavior [ RunTime:0.000048s ]
INFO: [ template_filter ] --END-- [ RunTime:0.000093s ]
NOTIC: [8] Undefined variable: type /alidata/www/xmzkjqx/Application/Runtime/Cache/Pangu/0a01e3a416f2a2a76a3f4eb09ce9d0ab.php 第 38 行.
NOTIC: [8] Undefined variable: type /alidata/www/xmzkjqx/Application/Runtime/Cache/Pangu/0a01e3a416f2a2a76a3f4eb09ce9d0ab.php 第 70 行.
NOTIC: [8] Undefined variable: type /alidata/www/xmzkjqx/Application/Runtime/Cache/Pangu/0a01e3a416f2a2a76a3f4eb09ce9d0ab.php 第 70 行.
NOTIC: [8] Undefined variable: type /alidata/www/xmzkjqx/Application/Runtime/Cache/Pangu/0a01e3a416f2a2a76a3f4eb09ce9d0ab.php 第 70 行.
NOTIC: [8] Undefined variable: type /alidata/www/xmzkjqx/Application/Runtime/Cache/Pangu/0a01e3a416f2a2a76a3f4eb09ce9d0ab.php 第 70 行.
NOTIC: [8] Undefined variable: page /alidata/www/xmzkjqx/Application/Runtime/Cache/Pangu/0a01e3a416f2a2a76a3f4eb09ce9d0ab.php 第 76 行.
INFO: Run Behavior\ParseTemplateBehavior [ RunTime:0.014012s ]
INFO: [ view_parse ] --END-- [ RunTime:0.014063s ]
INFO: [ view_filter ] --START--
INFO: Run Behavior\WriteHtmlCacheBehavior [ RunTime:0.000125s ]
INFO: [ view_filter ] --END-- [ RunTime:0.000160s ]
INFO: [ app_end ] --START--
INFO: Run Behavior\ShowPageTraceBehavior [ RunTime:0.000394s ]
INFO: [ app_end ] --END-- [ RunTime:0.000441s ]

[ 2016-08-29T14:42:05+08:00 ] 221.14.180.240 /index.php/Pangu/Index/skin/default/skin.css
INFO: [ app_init ] --START--
INFO: Run Behavior\BuildLiteBehavior [ RunTime:0.000015s ]
INFO: [ app_init ] --END-- [ RunTime:0.000278s ]
INFO: [ app_begin ] --START--
INFO: Run Behavior\ReadHtmlCacheBehavior [ RunTime:0.000416s ]
INFO: [ app_begin ] --END-- [ RunTime:0.000465s ]
NOTIC: [8192] mysql_connect(): The mysql extension is deprecated and will be removed in the future: use mysqli or PDO instead /alidata/www/xmzkjqx/ThinkPHP/Library/Think/Session/Driver/Db.class.php 第 95 行.
ERR: 非法操作:skin

[ 2016-08-29T14:42:08+08:00 ] 221.14.180.240 /index.php/Pangu/Index/kj_result.html
INFO: [ app_init ] --START--
INFO: Run Behavior\BuildLiteBehavior [ RunTime:0.000015s ]
INFO: [ app_init ] --END-- [ RunTime:0.000275s ]
INFO: [ app_begin ] --START--
INFO: Run Behavior\ReadHtmlCacheBehavior [ RunTime:0.000324s ]
INFO: [ app_begin ] --END-- [ RunTime:0.000367s ]
NOTIC: [8192] mysql_connect(): The mysql extension is deprecated and will be removed in the future: use mysqli or PDO instead /alidata/www/xmzkjqx/ThinkPHP/Library/Think/Session/Driver/Db.class.php 第 95 行.
SQL: SELECT a.*,b.nickname FROM pg_kanjia_record a,pg_wx_user b WHERE a.uid = b.uid  [ RunTime:0.0031s ]
INFO: [ view_parse ] --START--
INFO: [ template_filter ] --START--
INFO: Run Behavior\ContentReplaceBehavior [ RunTime:0.000053s ]
INFO: [ template_filter ] --END-- [ RunTime:0.000108s ]
NOTIC: [8] Undefined variable: type /alidata/www/xmzkjqx/Application/Runtime/Cache/Pangu/dad8132e1c6a142f7d618e1b8ecc74cf.php 第 38 行.
NOTIC: [8] Undefined variable: page /alidata/www/xmzkjqx/Application/Runtime/Cache/Pangu/dad8132e1c6a142f7d618e1b8ecc74cf.php 第 71 行.
INFO: Run Behavior\ParseTemplateBehavior [ RunTime:0.027603s ]
INFO: [ view_parse ] --END-- [ RunTime:0.027654s ]
INFO: [ view_filter ] --START--
INFO: Run Behavior\WriteHtmlCacheBehavior [ RunTime:0.000134s ]
INFO: [ view_filter ] --END-- [ RunTime:0.000204s ]
INFO: [ app_end ] --START--
INFO: Run Behavior\ShowPageTraceBehavior [ RunTime:0.000602s ]
INFO: [ app_end ] --END-- [ RunTime:0.000711s ]

[ 2016-08-29T14:42:09+08:00 ] 221.14.180.240 /index.php/Pangu/Index/skin/default/skin.css
INFO: [ app_init ] --START--
INFO: Run Behavior\BuildLiteBehavior [ RunTime:0.000018s ]
INFO: [ app_init ] --END-- [ RunTime:0.000291s ]
INFO: [ app_begin ] --START--
INFO: Run Behavior\ReadHtmlCacheBehavior [ RunTime:0.000358s ]
INFO: [ app_begin ] --END-- [ RunTime:0.000402s ]
NOTIC: [8192] mysql_connect(): The mysql extension is deprecated and will be removed in the future: use mysqli or PDO instead /alidata/www/xmzkjqx/ThinkPHP/Library/Think/Session/Driver/Db.class.php 第 95 行.
ERR: 非法操作:skin

[ 2016-08-29T14:42:31+08:00 ] 221.14.180.240 /index.php/Pangu/Index/dk_result.html
INFO: [ app_init ] --START--
INFO: Run Behavior\BuildLiteBehavior [ RunTime:0.000020s ]
INFO: [ app_init ] --END-- [ RunTime:0.000374s ]
INFO: [ app_begin ] --START--
INFO: Run Behavior\ReadHtmlCacheBehavior [ RunTime:0.000371s ]
INFO: [ app_begin ] --END-- [ RunTime:0.000420s ]
NOTIC: [8192] mysql_connect(): The mysql extension is deprecated and will be removed in the future: use mysqli or PDO instead /alidata/www/xmzkjqx/ThinkPHP/Library/Think/Session/Driver/Db.class.php 第 95 行.
SQL: SELECT a.*,b.nickname FROM pg_dk_record a,pg_wx_user b where a.uid = b.uid [ RunTime:0.0016s ]
SQL: SELECT * FROM pg_dk_record  where status=2 and num = 10 [ RunTime:0.0004s ]
INFO: [ view_parse ] --START--
INFO: [ template_filter ] --START--
INFO: Run Behavior\ContentReplaceBehavior [ RunTime:0.000059s ]
INFO: [ template_filter ] --END-- [ RunTime:0.000126s ]
NOTIC: [8] Undefined variable: type /alidata/www/xmzkjqx/Application/Runtime/Cache/Pangu/fd11931e1600a991dcae796dedf2db11.php 第 38 行.
NOTIC: [8] Undefined variable: page /alidata/www/xmzkjqx/Application/Runtime/Cache/Pangu/fd11931e1600a991dcae796dedf2db11.php 第 65 行.
INFO: Run Behavior\ParseTemplateBehavior [ RunTime:0.051999s ]
INFO: [ view_parse ] --END-- [ RunTime:0.052056s ]
INFO: [ view_filter ] --START--
INFO: Run Behavior\WriteHtmlCacheBehavior [ RunTime:0.000134s ]
INFO: [ view_filter ] --END-- [ RunTime:0.000171s ]
INFO: [ app_end ] --START--
INFO: Run Behavior\ShowPageTraceBehavior [ RunTime:0.000475s ]
INFO: [ app_end ] --END-- [ RunTime:0.000522s ]

[ 2016-08-29T14:42:31+08:00 ] 221.14.180.240 /index.php/Pangu/Index/skin/default/skin.css
INFO: [ app_init ] --START--
INFO: Run Behavior\BuildLiteBehavior [ RunTime:0.000015s ]
INFO: [ app_init ] --END-- [ RunTime:0.000281s ]
INFO: [ app_begin ] --START--
INFO: Run Behavior\ReadHtmlCacheBehavior [ RunTime:0.000392s ]
INFO: [ app_begin ] --END-- [ RunTime:0.000439s ]
NOTIC: [8192] mysql_connect(): The mysql extension is deprecated and will be removed in the future: use mysqli or PDO instead /alidata/www/xmzkjqx/ThinkPHP/Library/Think/Session/Driver/Db.class.php 第 95 行.
ERR: 非法操作:skin

[ 2016-08-29T14:42:43+08:00 ] 221.14.180.240 /index.php/Pangu/Index/kj_result.html
INFO: [ app_init ] --START--
INFO: Run Behavior\BuildLiteBehavior [ RunTime:0.000017s ]
INFO: [ app_init ] --END-- [ RunTime:0.000310s ]
INFO: [ app_begin ] --START--
INFO: Run Behavior\ReadHtmlCacheBehavior [ RunTime:0.000348s ]
INFO: [ app_begin ] --END-- [ RunTime:0.000392s ]
NOTIC: [8192] mysql_connect(): The mysql extension is deprecated and will be removed in the future: use mysqli or PDO instead /alidata/www/xmzkjqx/ThinkPHP/Library/Think/Session/Driver/Db.class.php 第 95 行.
SQL: SELECT a.*,b.nickname FROM pg_kanjia_record a,pg_wx_user b WHERE a.uid = b.uid  [ RunTime:0.0025s ]
INFO: [ view_parse ] --START--
INFO: [ template_filter ] --START--
INFO: Run Behavior\ContentReplaceBehavior [ RunTime:0.000053s ]
INFO: [ template_filter ] --END-- [ RunTime:0.000113s ]
NOTIC: [8] Undefined variable: type /alidata/www/xmzkjqx/Application/Runtime/Cache/Pangu/dad8132e1c6a142f7d618e1b8ecc74cf.php 第 38 行.
NOTIC: [8] Undefined variable: page /alidata/www/xmzkjqx/Application/Runtime/Cache/Pangu/dad8132e1c6a142f7d618e1b8ecc74cf.php 第 71 行.
INFO: Run Behavior\ParseTemplateBehavior [ RunTime:0.009811s ]
INFO: [ view_parse ] --END-- [ RunTime:0.009875s ]
INFO: [ view_filter ] --START--
INFO: Run Behavior\WriteHtmlCacheBehavior [ RunTime:0.000199s ]
INFO: [ view_filter ] --END-- [ RunTime:0.000242s ]
INFO: [ app_end ] --START--
INFO: Run Behavior\ShowPageTraceBehavior [ RunTime:0.000434s ]
INFO: [ app_end ] --END-- [ RunTime:0.000505s ]

[ 2016-08-29T14:42:49+08:00 ] 221.14.180.240 /index.php/Pangu/Index/skin/default/skin.css
INFO: [ app_init ] --START--
INFO: Run Behavior\BuildLiteBehavior [ RunTime:0.000017s ]
INFO: [ app_init ] --END-- [ RunTime:0.000762s ]
INFO: [ app_begin ] --START--
INFO: Run Behavior\ReadHtmlCacheBehavior [ RunTime:0.000373s ]
INFO: [ app_begin ] --END-- [ RunTime:0.000429s ]
NOTIC: [8192] mysql_connect(): The mysql extension is deprecated and will be removed in the future: use mysqli or PDO instead /alidata/www/xmzkjqx/ThinkPHP/Library/Think/Session/Driver/Db.class.php 第 95 行.
ERR: 非法操作:skin

[ 2016-08-29T14:43:15+08:00 ] 221.14.180.240 //index.php/Pangu/View/index.html
INFO: [ app_init ] --START--
INFO: Run Behavior\BuildLiteBehavior [ RunTime:0.000014s ]
INFO: [ app_init ] --END-- [ RunTime:0.000273s ]
INFO: [ app_begin ] --START--
INFO: Run Behavior\ReadHtmlCacheBehavior [ RunTime:0.000359s ]
INFO: [ app_begin ] --END-- [ RunTime:0.000404s ]
NOTIC: [8192] mysql_connect(): The mysql extension is deprecated and will be removed in the future: use mysqli or PDO instead /alidata/www/xmzkjqx/ThinkPHP/Library/Think/Session/Driver/Db.class.php 第 95 行.
SQL: SELECT a.id,a.k_price,a.c_time,c.goods_name,b.nickname FROM pg_kanjia_record a,pg_wx_user b,pg_goods c WHERE a.uid = b.uid AND a.kid = c.id ORDER BY a.id [ RunTime:0.0039s ]
SQL: SELECT a.id,a.k_price,a.c_time,c.goods_name,b.nickname FROM pg_kanjia_help_record a,pg_wx_user b,pg_goods c,pg_kanjia_record d WHERE a.uid = b.uid AND d.kid = c.id AND d.id = a.krid [ RunTime:0.0134s ]
SQL: SELECT a.id,a.k_price,a.c_time,c.goods_name,b.nickname,c.price FROM pg_kanjia_record a,pg_wx_user b,pg_goods c WHERE a.uid = b.uid AND a.kid = c.id and a.is_prize = 2 ORDER BY a.id [ RunTime:0.0017s ]
INFO: [ view_parse ] --START--
INFO: [ template_filter ] --START--
INFO: Run Behavior\ContentReplaceBehavior [ RunTime:0.000037s ]
INFO: [ template_filter ] --END-- [ RunTime:0.000093s ]
INFO: Run Behavior\ParseTemplateBehavior [ RunTime:0.007903s ]
INFO: [ view_parse ] --END-- [ RunTime:0.007952s ]
INFO: [ view_filter ] --START--
INFO: Run Behavior\WriteHtmlCacheBehavior [ RunTime:0.000119s ]
INFO: [ view_filter ] --END-- [ RunTime:0.000156s ]
INFO: [ app_end ] --START--
INFO: Run Behavior\ShowPageTraceBehavior [ RunTime:0.000391s ]
INFO: [ app_end ] --END-- [ RunTime:0.000433s ]

[ 2016-08-29T14:43:17+08:00 ] 221.14.180.240 //index.php/Pangu/View/s3.html
INFO: [ app_init ] --START--
INFO: Run Behavior\BuildLiteBehavior [ RunTime:0.000014s ]
INFO: [ app_init ] --END-- [ RunTime:0.000276s ]
INFO: [ app_begin ] --START--
INFO: Run Behavior\ReadHtmlCacheBehavior [ RunTime:0.000328s ]
INFO: [ app_begin ] --END-- [ RunTime:0.000370s ]
NOTIC: [8192] mysql_connect(): The mysql extension is deprecated and will be removed in the future: use mysqli or PDO instead /alidata/www/xmzkjqx/ThinkPHP/Library/Think/Session/Driver/Db.class.php 第 95 行.
SQL: SELECT a.id,a.k_price,a.c_time,c.goods_name,b.nickname,c.price,a.k_peo FROM pg_kanjia_record a,pg_wx_user b,pg_goods c WHERE a.uid = b.uid AND a.kid = c.id and a.is_prize = 2 ORDER BY a.id [ RunTime:0.0016s ]
INFO: [ view_parse ] --START--
INFO: [ template_filter ] --START--
INFO: Run Behavior\ContentReplaceBehavior [ RunTime:0.000042s ]
INFO: [ template_filter ] --END-- [ RunTime:0.000083s ]
INFO: Run Behavior\ParseTemplateBehavior [ RunTime:0.007059s ]
INFO: [ view_parse ] --END-- [ RunTime:0.007106s ]
INFO: [ view_filter ] --START--
INFO: Run Behavior\WriteHtmlCacheBehavior [ RunTime:0.000120s ]
INFO: [ view_filter ] --END-- [ RunTime:0.000155s ]
INFO: [ app_end ] --START--
INFO: Run Behavior\ShowPageTraceBehavior [ RunTime:0.000381s ]
INFO: [ app_end ] --END-- [ RunTime:0.000424s ]

[ 2016-08-29T14:43:26+08:00 ] 221.14.180.240 //index.php/Pangu/View/s2/sid/1
INFO: [ app_init ] --START--
INFO: Run Behavior\BuildLiteBehavior [ RunTime:0.000017s ]
INFO: [ app_init ] --END-- [ RunTime:0.000309s ]
INFO: [ app_begin ] --START--
INFO: Run Behavior\ReadHtmlCacheBehavior [ RunTime:0.000345s ]
INFO: [ app_begin ] --END-- [ RunTime:0.000388s ]
NOTIC: [8192] mysql_connect(): The mysql extension is deprecated and will be removed in the future: use mysqli or PDO instead /alidata/www/xmzkjqx/ThinkPHP/Library/Think/Session/Driver/Db.class.php 第 95 行.
SQL: SELECT a.id,a.k_price,a.c_time,c.goods_name,b.nickname FROM pg_kanjia_help_record a,pg_wx_user b,pg_goods c,pg_kanjia_record d WHERE a.uid = b.uid AND d.kid = c.id AND d.id = a.krid  [ RunTime:0.0144s ]
INFO: [ view_parse ] --START--
INFO: [ template_filter ] --START--
INFO: Run Behavior\ContentReplaceBehavior [ RunTime:0.000068s ]
INFO: [ template_filter ] --END-- [ RunTime:0.000161s ]
INFO: Run Behavior\ParseTemplateBehavior [ RunTime:0.015478s ]
INFO: [ view_parse ] --END-- [ RunTime:0.015605s ]
INFO: [ view_filter ] --START--
INFO: Run Behavior\WriteHtmlCacheBehavior [ RunTime:0.000334s ]
INFO: [ view_filter ] --END-- [ RunTime:0.000393s ]
INFO: [ app_end ] --START--
INFO: Run Behavior\ShowPageTraceBehavior [ RunTime:0.000549s ]
INFO: [ app_end ] --END-- [ RunTime:0.000654s ]

[ 2016-08-29T14:43:43+08:00 ] 221.14.180.240 //index.php/Pangu/View/s1.html
INFO: [ app_init ] --START--
INFO: Run Behavior\BuildLiteBehavior [ RunTime:0.000013s ]
INFO: [ app_init ] --END-- [ RunTime:0.000286s ]
INFO: [ app_begin ] --START--
INFO: Run Behavior\ReadHtmlCacheBehavior [ RunTime:0.000325s ]
INFO: [ app_begin ] --END-- [ RunTime:0.000368s ]
NOTIC: [8192] mysql_connect(): The mysql extension is deprecated and will be removed in the future: use mysqli or PDO instead /alidata/www/xmzkjqx/ThinkPHP/Library/Think/Session/Driver/Db.class.php 第 95 行.
SQL: SELECT a.id,a.k_price,a.c_time,c.goods_name,b.nickname FROM pg_kanjia_record a,pg_wx_user b,pg_goods c WHERE a.uid = b.uid AND a.kid = c.id ORDER BY a.id [ RunTime:0.0042s ]
INFO: [ view_parse ] --START--
INFO: [ template_filter ] --START--
INFO: Run Behavior\ContentReplaceBehavior [ RunTime:0.000047s ]
INFO: [ template_filter ] --END-- [ RunTime:0.000118s ]
NOTIC: [8] Undefined variable: url /alidata/www/xmzkjqx/Application/Runtime/Cache/Pangu/2e381630574c73bb468f9ce8cd35ba23.php 第 96 行.
NOTIC: [8] Undefined variable: url /alidata/www/xmzkjqx/Application/Runtime/Cache/Pangu/2e381630574c73bb468f9ce8cd35ba23.php 第 96 行.
NOTIC: [8] Undefined variable: url /alidata/www/xmzkjqx/Application/Runtime/Cache/Pangu/2e381630574c73bb468f9ce8cd35ba23.php 第 96 行.
NOTIC: [8] Undefined variable: url /alidata/www/xmzkjqx/Application/Runtime/Cache/Pangu/2e381630574c73bb468f9ce8cd35ba23.php 第 96 行.
NOTIC: [8] Undefined variable: url /alidata/www/xmzkjqx/Application/Runtime/Cache/Pangu/2e381630574c73bb468f9ce8cd35ba23.php 第 96 行.
NOTIC: [8] Undefined variable: url /alidata/www/xmzkjqx/Application/Runtime/Cache/Pangu/2e381630574c73bb468f9ce8cd35ba23.php 第 96 行.
NOTIC: [8] Undefined variable: url /alidata/www/xmzkjqx/Application/Runtime/Cache/Pangu/2e381630574c73bb468f9ce8cd35ba23.php 第 96 行.
NOTIC: [8] Undefined variable: url /alidata/www/xmzkjqx/Application/Runtime/Cache/Pangu/2e381630574c73bb468f9ce8cd35ba23.php 第 96 行.
NOTIC: [8] Undefined variable: url /alidata/www/xmzkjqx/Application/Runtime/Cache/Pangu/2e381630574c73bb468f9ce8cd35ba23.php 第 96 行.
NOTIC: [8] Undefined variable: url /alidata/www/xmzkjqx/Application/Runtime/Cache/Pangu/2e381630574c73bb468f9ce8cd35ba23.php 第 96 行.
NOTIC: [8] Undefined variable: url /alidata/www/xmzkjqx/Application/Runtime/Cache/Pangu/2e381630574c73bb468f9ce8cd35ba23.php 第 96 行.
NOTIC: [8] Undefined variable: url /alidata/www/xmzkjqx/Application/Runtime/Cache/Pangu/2e381630574c73bb468f9ce8cd35ba23.php 第 96 行.
NOTIC: [8] Undefined variable: url /alidata/www/xmzkjqx/Application/Runtime/Cache/Pangu/2e381630574c73bb468f9ce8cd35ba23.php 第 96 行.
NOTIC: [8] Undefined variable: url /alidata/www/xmzkjqx/Application/Runtime/Cache/Pangu/2e381630574c73bb468f9ce8cd35ba23.php 第 96 行.
NOTIC: [8] Undefined variable: url /alidata/www/xmzkjqx/Application/Runtime/Cache/Pangu/2e381630574c73bb468f9ce8cd35ba23.php 第 96 行.
NOTIC: [8] Undefined variable: url /alidata/www/xmzkjqx/Application/Runtime/Cache/Pangu/2e381630574c73bb468f9ce8cd35ba23.php 第 96 行.
NOTIC: [8] Undefined variable: url /alidata/www/xmzkjqx/Application/Runtime/Cache/Pangu/2e381630574c73bb468f9ce8cd35ba23.php 第 96 行.
NOTIC: [8] Undefined variable: url /alidata/www/xmzkjqx/Application/Runtime/Cache/Pangu/2e381630574c73bb468f9ce8cd35ba23.php 第 96 行.
NOTIC: [8] Undefined variable: url /alidata/www/xmzkjqx/Application/Runtime/Cache/Pangu/2e381630574c73bb468f9ce8cd35ba23.php 第 96 行.
NOTIC: [8] Undefined variable: url /alidata/www/xmzkjqx/Application/Runtime/Cache/Pangu/2e381630574c73bb468f9ce8cd35ba23.php 第 96 行.
NOTIC: [8] Undefined variable: url /alidata/www/xmzkjqx/Application/Runtime/Cache/Pangu/2e381630574c73bb468f9ce8cd35ba23.php 第 96 行.
NOTIC: [8] Undefined variable: url /alidata/www/xmzkjqx/Application/Runtime/Cache/Pangu/2e381630574c73bb468f9ce8cd35ba23.php 第 96 行.
NOTIC: [8] Undefined variable: url /alidata/www/xmzkjqx/Application/Runtime/Cache/Pangu/2e381630574c73bb468f9ce8cd35ba23.php 第 96 行.
NOTIC: [8] Undefined variable: url /alidata/www/xmzkjqx/Application/Runtime/Cache/Pangu/2e381630574c73bb468f9ce8cd35ba23.php 第 96 行.
NOTIC: [8] Undefined variable: url /alidata/www/xmzkjqx/Application/Runtime/Cache/Pangu/2e381630574c73bb468f9ce8cd35ba23.php 第 96 行.
NOTIC: [8] Undefined variable: url /alidata/www/xmzkjqx/Application/Runtime/Cache/Pangu/2e381630574c73bb468f9ce8cd35ba23.php 第 96 行.
NOTIC: [8] Undefined variable: url /alidata/www/xmzkjqx/Application/Runtime/Cache/Pangu/2e381630574c73bb468f9ce8cd35ba23.php 第 96 行.
NOTIC: [8] Undefined variable: url /alidata/www/xmzkjqx/Application/Runtime/Cache/Pangu/2e381630574c73bb468f9ce8cd35ba23.php 第 96 行.
NOTIC: [8] Undefined variable: url /alidata/www/xmzkjqx/Application/Runtime/Cache/Pangu/2e381630574c73bb468f9ce8cd35ba23.php 第 96 行.
NOTIC: [8] Undefined variable: url /alidata/www/xmzkjqx/Application/Runtime/Cache/Pangu/2e381630574c73bb468f9ce8cd35ba23.php 第 96 行.
NOTIC: [8] Undefined variable: url /alidata/www/xmzkjqx/Application/Runtime/Cache/Pangu/2e381630574c73bb468f9ce8cd35ba23.php 第 96 行.
NOTIC: [8] Undefined variable: url /alidata/www/xmzkjqx/Application/Runtime/Cache/Pangu/2e381630574c73bb468f9ce8cd35ba23.php 第 96 行.
NOTIC: [8] Undefined variable: url /alidata/www/xmzkjqx/Application/Runtime/Cache/Pangu/2e381630574c73bb468f9ce8cd35ba23.php 第 96 行.
NOTIC: [8] Undefined variable: url /alidata/www/xmzkjqx/Application/Runtime/Cache/Pangu/2e381630574c73bb468f9ce8cd35ba23.php 第 96 行.
NOTIC: [8] Undefined variable: url /alidata/www/xmzkjqx/Application/Runtime/Cache/Pangu/2e381630574c73bb468f9ce8cd35ba23.php 第 96 行.
NOTIC: [8] Undefined variable: url /alidata/www/xmzkjqx/Application/Runtime/Cache/Pangu/2e381630574c73bb468f9ce8cd35ba23.php 第 96 行.
NOTIC: [8] Undefined variable: url /alidata/www/xmzkjqx/Application/Runtime/Cache/Pangu/2e381630574c73bb468f9ce8cd35ba23.php 第 96 行.
NOTIC: [8] Undefined variable: url /alidata/www/xmzkjqx/Application/Runtime/Cache/Pangu/2e381630574c73bb468f9ce8cd35ba23.php 第 96 行.
NOTIC: [8] Undefined variable: url /alidata/www/xmzkjqx/Application/Runtime/Cache/Pangu/2e381630574c73bb468f9ce8cd35ba23.php 第 96 行.
NOTIC: [8] Undefined variable: url /alidata/www/xmzkjqx/Application/Runtime/Cache/Pangu/2e381630574c73bb468f9ce8cd35ba23.php 第 96 行.
NOTIC: [8] Undefined variable: url /alidata/www/xmzkjqx/Application/Runtime/Cache/Pangu/2e381630574c73bb468f9ce8cd35ba23.php 第 96 行.
NOTIC: [8] Undefined variable: url /alidata/www/xmzkjqx/Application/Runtime/Cache/Pangu/2e381630574c73bb468f9ce8cd35ba23.php 第 96 行.
NOTIC: [8] Undefined variable: url /alidata/www/xmzkjqx/Application/Runtime/Cache/Pangu/2e381630574c73bb468f9ce8cd35ba23.php 第 96 行.
NOTIC: [8] Undefined variable: url /alidata/www/xmzkjqx/Application/Runtime/Cache/Pangu/2e381630574c73bb468f9ce8cd35ba23.php 第 96 行.
NOTIC: [8] Undefined variable: url /alidata/www/xmzkjqx/Application/Runtime/Cache/Pangu/2e381630574c73bb468f9ce8cd35ba23.php 第 96 行.
NOTIC: [8] Undefined variable: url /alidata/www/xmzkjqx/Application/Runtime/Cache/Pangu/2e381630574c73bb468f9ce8cd35ba23.php 第 96 行.
NOTIC: [8] Undefined variable: url /alidata/www/xmzkjqx/Application/Runtime/Cache/Pangu/2e381630574c73bb468f9ce8cd35ba23.php 第 96 行.
NOTIC: [8] Undefined variable: url /alidata/www/xmzkjqx/Application/Runtime/Cache/Pangu/2e381630574c73bb468f9ce8cd35ba23.php 第 96 行.
NOTIC: [8] Undefined variable: url /alidata/www/xmzkjqx/Application/Runtime/Cache/Pangu/2e381630574c73bb468f9ce8cd35ba23.php 第 96 行.
NOTIC: [8] Undefined variable: url /alidata/www/xmzkjqx/Application/Runtime/Cache/Pangu/2e381630574c73bb468f9ce8cd35ba23.php 第 96 行.
NOTIC: [8] Undefined variable: url /alidata/www/xmzkjqx/Application/Runtime/Cache/Pangu/2e381630574c73bb468f9ce8cd35ba23.php 第 96 行.
NOTIC: [8] Undefined variable: url /alidata/www/xmzkjqx/Application/Runtime/Cache/Pangu/2e381630574c73bb468f9ce8cd35ba23.php 第 96 行.
NOTIC: [8] Undefined variable: url /alidata/www/xmzkjqx/Application/Runtime/Cache/Pangu/2e381630574c73bb468f9ce8cd35ba23.php 第 96 行.
NOTIC: [8] Undefined variable: url /alidata/www/xmzkjqx/Application/Runtime/Cache/Pangu/2e381630574c73bb468f9ce8cd35ba23.php 第 96 行.
NOTIC: [8] Undefined variable: url /alidata/www/xmzkjqx/Application/Runtime/Cache/Pangu/2e381630574c73bb468f9ce8cd35ba23.php 第 96 行.
NOTIC: [8] Undefined variable: url /alidata/www/xmzkjqx/Application/Runtime/Cache/Pangu/2e381630574c73bb468f9ce8cd35ba23.php 第 96 行.
NOTIC: [8] Undefined variable: url /alidata/www/xmzkjqx/Application/Runtime/Cache/Pangu/2e381630574c73bb468f9ce8cd35ba23.php 第 96 行.
NOTIC: [8] Undefined variable: url /alidata/www/xmzkjqx/Application/Runtime/Cache/Pangu/2e381630574c73bb468f9ce8cd35ba23.php 第 96 行.
NOTIC: [8] Undefined variable: url /alidata/www/xmzkjqx/Application/Runtime/Cache/Pangu/2e381630574c73bb468f9ce8cd35ba23.php 第 96 行.
NOTIC: [8] Undefined variable: url /alidata/www/xmzkjqx/Application/Runtime/Cache/Pangu/2e381630574c73bb468f9ce8cd35ba23.php 第 96 行.
NOTIC: [8] Undefined variable: url /alidata/www/xmzkjqx/Application/Runtime/Cache/Pangu/2e381630574c73bb468f9ce8cd35ba23.php 第 96 行.
NOTIC: [8] Undefined variable: url /alidata/www/xmzkjqx/Application/Runtime/Cache/Pangu/2e381630574c73bb468f9ce8cd35ba23.php 第 96 行.
NOTIC: [8] Undefined variable: url /alidata/www/xmzkjqx/Application/Runtime/Cache/Pangu/2e381630574c73bb468f9ce8cd35ba23.php 第 96 行.
NOTIC: [8] Undefined variable: url /alidata/www/xmzkjqx/Application/Runtime/Cache/Pangu/2e381630574c73bb468f9ce8cd35ba23.php 第 96 行.
NOTIC: [8] Undefined variable: url /alidata/www/xmzkjqx/Application/Runtime/Cache/Pangu/2e381630574c73bb468f9ce8cd35ba23.php 第 96 行.
NOTIC: [8] Undefined variable: url /alidata/www/xmzkjqx/Application/Runtime/Cache/Pangu/2e381630574c73bb468f9ce8cd35ba23.php 第 96 行.
NOTIC: [8] Undefined variable: url /alidata/www/xmzkjqx/Application/Runtime/Cache/Pangu/2e381630574c73bb468f9ce8cd35ba23.php 第 96 行.
NOTIC: [8] Undefined variable: url /alidata/www/xmzkjqx/Application/Runtime/Cache/Pangu/2e381630574c73bb468f9ce8cd35ba23.php 第 96 行.
NOTIC: [8] Undefined variable: url /alidata/www/xmzkjqx/Application/Runtime/Cache/Pangu/2e381630574c73bb468f9ce8cd35ba23.php 第 96 行.
NOTIC: [8] Undefined variable: url /alidata/www/xmzkjqx/Application/Runtime/Cache/Pangu/2e381630574c73bb468f9ce8cd35ba23.php 第 96 行.
NOTIC: [8] Undefined variable: url /alidata/www/xmzkjqx/Application/Runtime/Cache/Pangu/2e381630574c73bb468f9ce8cd35ba23.php 第 96 行.
NOTIC: [8] Undefined variable: url /alidata/www/xmzkjqx/Application/Runtime/Cache/Pangu/2e381630574c73bb468f9ce8cd35ba23.php 第 96 行.
NOTIC: [8] Undefined variable: url /alidata/www/xmzkjqx/Application/Runtime/Cache/Pangu/2e381630574c73bb468f9ce8cd35ba23.php 第 96 行.
NOTIC: [8] Undefined variable: url /alidata/www/xmzkjqx/Application/Runtime/Cache/Pangu/2e381630574c73bb468f9ce8cd35ba23.php 第 96 行.
NOTIC: [8] Undefined variable: url /alidata/www/xmzkjqx/Application/Runtime/Cache/Pangu/2e381630574c73bb468f9ce8cd35ba23.php 第 96 行.
NOTIC: [8] Undefined variable: url /alidata/www/xmzkjqx/Application/Runtime/Cache/Pangu/2e381630574c73bb468f9ce8cd35ba23.php 第 96 行.
NOTIC: [8] Undefined variable: url /alidata/www/xmzkjqx/Application/Runtime/Cache/Pangu/2e381630574c73bb468f9ce8cd35ba23.php 第 96 行.
NOTIC: [8] Undefined variable: url /alidata/www/xmzkjqx/Application/Runtime/Cache/Pangu/2e381630574c73bb468f9ce8cd35ba23.php 第 96 行.
NOTIC: [8] Undefined variable: url /alidata/www/xmzkjqx/Application/Runtime/Cache/Pangu/2e381630574c73bb468f9ce8cd35ba23.php 第 96 行.
NOTIC: [8] Undefined variable: url /alidata/www/xmzkjqx/Application/Runtime/Cache/Pangu/2e381630574c73bb468f9ce8cd35ba23.php 第 96 行.
NOTIC: [8] Undefined variable: url /alidata/www/xmzkjqx/Application/Runtime/Cache/Pangu/2e381630574c73bb468f9ce8cd35ba23.php 第 96 行.
NOTIC: [8] Undefined variable: url /alidata/www/xmzkjqx/Application/Runtime/Cache/Pangu/2e381630574c73bb468f9ce8cd35ba23.php 第 96 行.
NOTIC: [8] Undefined variable: url /alidata/www/xmzkjqx/Application/Runtime/Cache/Pangu/2e381630574c73bb468f9ce8cd35ba23.php 第 96 行.
NOTIC: [8] Undefined variable: url /alidata/www/xmzkjqx/Application/Runtime/Cache/Pangu/2e381630574c73bb468f9ce8cd35ba23.php 第 96 行.
NOTIC: [8] Undefined variable: url /alidata/www/xmzkjqx/Application/Runtime/Cache/Pangu/2e381630574c73bb468f9ce8cd35ba23.php 第 96 行.
NOTIC: [8] Undefined variable: url /alidata/www/xmzkjqx/Application/Runtime/Cache/Pangu/2e381630574c73bb468f9ce8cd35ba23.php 第 96 行.
NOTIC: [8] Undefined variable: url /alidata/www/xmzkjqx/Application/Runtime/Cache/Pangu/2e381630574c73bb468f9ce8cd35ba23.php 第 96 行.
NOTIC: [8] Undefined variable: url /alidata/www/xmzkjqx/Application/Runtime/Cache/Pangu/2e381630574c73bb468f9ce8cd35ba23.php 第 96 行.
NOTIC: [8] Undefined variable: url /alidata/www/xmzkjqx/Application/Runtime/Cache/Pangu/2e381630574c73bb468f9ce8cd35ba23.php 第 96 行.
NOTIC: [8] Undefined variable: url /alidata/www/xmzkjqx/Application/Runtime/Cache/Pangu/2e381630574c73bb468f9ce8cd35ba23.php 第 96 行.
NOTIC: [8] Undefined variable: url /alidata/www/xmzkjqx/Application/Runtime/Cache/Pangu/2e381630574c73bb468f9ce8cd35ba23.php 第 96 行.
NOTIC: [8] Undefined variable: url /alidata/www/xmzkjqx/Application/Runtime/Cache/Pangu/2e381630574c73bb468f9ce8cd35ba23.php 第 96 行.
NOTIC: [8] Undefined variable: url /alidata/www/xmzkjqx/Application/Runtime/Cache/Pangu/2e381630574c73bb468f9ce8cd35ba23.php 第 96 行.
NOTIC: [8] Undefined variable: url /alidata/www/xmzkjqx/Application/Runtime/Cache/Pangu/2e381630574c73bb468f9ce8cd35ba23.php 第 96 行.
NOTIC: [8] Undefined variable: url /alidata/www/xmzkjqx/Application/Runtime/Cache/Pangu/2e381630574c73bb468f9ce8cd35ba23.php 第 96 行.
NOTIC: [8] Undefined variable: url /alidata/www/xmzkjqx/Application/Runtime/Cache/Pangu/2e381630574c73bb468f9ce8cd35ba23.php 第 96 行.
NOTIC: [8] Undefined variable: url /alidata/www/xmzkjqx/Application/Runtime/Cache/Pangu/2e381630574c73bb468f9ce8cd35ba23.php 第 96 行.
NOTIC: [8] Undefined variable: url /alidata/www/xmzkjqx/Application/Runtime/Cache/Pangu/2e381630574c73bb468f9ce8cd35ba23.php 第 96 行.
NOTIC: [8] Undefined variable: url /alidata/www/xmzkjqx/Application/Runtime/Cache/Pangu/2e381630574c73bb468f9ce8cd35ba23.php 第 96 行.
NOTIC: [8] Undefined variable: url /alidata/www/xmzkjqx/Application/Runtime/Cache/Pangu/2e381630574c73bb468f9ce8cd35ba23.php 第 96 行.
NOTIC: [8] Undefined variable: url /alidata/www/xmzkjqx/Application/Runtime/Cache/Pangu/2e381630574c73bb468f9ce8cd35ba23.php 第 96 行.
NOTIC: [8] Undefined variable: url /alidata/www/xmzkjqx/Application/Runtime/Cache/Pangu/2e381630574c73bb468f9ce8cd35ba23.php 第 96 行.
NOTIC: [8] Undefined variable: url /alidata/www/xmzkjqx/Application/Runtime/Cache/Pangu/2e381630574c73bb468f9ce8cd35ba23.php 第 96 行.
NOTIC: [8] Undefined variable: url /alidata/www/xmzkjqx/Application/Runtime/Cache/Pangu/2e381630574c73bb468f9ce8cd35ba23.php 第 96 行.
NOTIC: [8] Undefined variable: url /alidata/www/xmzkjqx/Application/Runtime/Cache/Pangu/2e381630574c73bb468f9ce8cd35ba23.php 第 96 行.
NOTIC: [8] Undefined variable: url /alidata/www/xmzkjqx/Application/Runtime/Cache/Pangu/2e381630574c73bb468f9ce8cd35ba23.php 第 96 行.
NOTIC: [8] Undefined variable: url /alidata/www/xmzkjqx/Application/Runtime/Cache/Pangu/2e381630574c73bb468f9ce8cd35ba23.php 第 96 行.
NOTIC: [8] Undefined variable: url /alidata/www/xmzkjqx/Application/Runtime/Cache/Pangu/2e381630574c73bb468f9ce8cd35ba23.php 第 96 行.
NOTIC: [8] Undefined variable: url /alidata/www/xmzkjqx/Application/Runtime/Cache/Pangu/2e381630574c73bb468f9ce8cd35ba23.php 第 96 行.
NOTIC: [8] Undefined variable: url /alidata/www/xmzkjqx/Application/Runtime/Cache/Pangu/2e381630574c73bb468f9ce8cd35ba23.php 第 96 行.
NOTIC: [8] Undefined variable: url /alidata/www/xmzkjqx/Application/Runtime/Cache/Pangu/2e381630574c73bb468f9ce8cd35ba23.php 第 96 行.
NOTIC: [8] Undefined variable: url /alidata/www/xmzkjqx/Application/Runtime/Cache/Pangu/2e381630574c73bb468f9ce8cd35ba23.php 第 96 行.
NOTIC: [8] Undefined variable: url /alidata/www/xmzkjqx/Application/Runtime/Cache/Pangu/2e381630574c73bb468f9ce8cd35ba23.php 第 96 行.
NOTIC: [8] Undefined variable: url /alidata/www/xmzkjqx/Application/Runtime/Cache/Pangu/2e381630574c73bb468f9ce8cd35ba23.php 第 96 行.
NOTIC: [8] Undefined variable: url /alidata/www/xmzkjqx/Application/Runtime/Cache/Pangu/2e381630574c73bb468f9ce8cd35ba23.php 第 96 行.
NOTIC: [8] Undefined variable: url /alidata/www/xmzkjqx/Application/Runtime/Cache/Pangu/2e381630574c73bb468f9ce8cd35ba23.php 第 96 行.
NOTIC: [8] Undefined variable: url /alidata/www/xmzkjqx/Application/Runtime/Cache/Pangu/2e381630574c73bb468f9ce8cd35ba23.php 第 96 行.
NOTIC: [8] Undefined variable: url /alidata/www/xmzkjqx/Application/Runtime/Cache/Pangu/2e381630574c73bb468f9ce8cd35ba23.php 第 96 行.
NOTIC: [8] Undefined variable: url /alidata/www/xmzkjqx/Application/Runtime/Cache/Pangu/2e381630574c73bb468f9ce8cd35ba23.php 第 96 行.
NOTIC: [8] Undefined variable: url /alidata/www/xmzkjqx/Application/Runtime/Cache/Pangu/2e381630574c73bb468f9ce8cd35ba23.php 第 96 行.
NOTIC: [8] Undefined variable: url /alidata/www/xmzkjqx/Application/Runtime/Cache/Pangu/2e381630574c73bb468f9ce8cd35ba23.php 第 96 行.
NOTIC: [8] Undefined variable: url /alidata/www/xmzkjqx/Application/Runtime/Cache/Pangu/2e381630574c73bb468f9ce8cd35ba23.php 第 96 行.
NOTIC: [8] Undefined variable: url /alidata/www/xmzkjqx/Application/Runtime/Cache/Pangu/2e381630574c73bb468f9ce8cd35ba23.php 第 96 行.
NOTIC: [8] Undefined variable: url /alidata/www/xmzkjqx/Application/Runtime/Cache/Pangu/2e381630574c73bb468f9ce8cd35ba23.php 第 96 行.
NOTIC: [8] Undefined variable: url /alidata/www/xmzkjqx/Application/Runtime/Cache/Pangu/2e381630574c73bb468f9ce8cd35ba23.php 第 96 行.
NOTIC: [8] Undefined variable: url /alidata/www/xmzkjqx/Application/Runtime/Cache/Pangu/2e381630574c73bb468f9ce8cd35ba23.php 第 96 行.
NOTIC: [8] Undefined variable: url /alidata/www/xmzkjqx/Application/Runtime/Cache/Pangu/2e381630574c73bb468f9ce8cd35ba23.php 第 96 行.
NOTIC: [8] Undefined variable: url /alidata/www/xmzkjqx/Application/Runtime/Cache/Pangu/2e381630574c73bb468f9ce8cd35ba23.php 第 96 行.
NOTIC: [8] Undefined variable: url /alidata/www/xmzkjqx/Application/Runtime/Cache/Pangu/2e381630574c73bb468f9ce8cd35ba23.php 第 96 行.
NOTIC: [8] Undefined variable: url /alidata/www/xmzkjqx/Application/Runtime/Cache/Pangu/2e381630574c73bb468f9ce8cd35ba23.php 第 96 行.
NOTIC: [8] Undefined variable: url /alidata/www/xmzkjqx/Application/Runtime/Cache/Pangu/2e381630574c73bb468f9ce8cd35ba23.php 第 96 行.
NOTIC: [8] Undefined variable: url /alidata/www/xmzkjqx/Application/Runtime/Cache/Pangu/2e381630574c73bb468f9ce8cd35ba23.php 第 96 行.
NOTIC: [8] Undefined variable: url /alidata/www/xmzkjqx/Application/Runtime/Cache/Pangu/2e381630574c73bb468f9ce8cd35ba23.php 第 96 行.
NOTIC: [8] Undefined variable: url /alidata/www/xmzkjqx/Application/Runtime/Cache/Pangu/2e381630574c73bb468f9ce8cd35ba23.php 第 96 行.
NOTIC: [8] Undefined variable: url /alidata/www/xmzkjqx/Application/Runtime/Cache/Pangu/2e381630574c73bb468f9ce8cd35ba23.php 第 96 行.
NOTIC: [8] Undefined variable: url /alidata/www/xmzkjqx/Application/Runtime/Cache/Pangu/2e381630574c73bb468f9ce8cd35ba23.php 第 96 行.
NOTIC: [8] Undefined variable: url /alidata/www/xmzkjqx/Application/Runtime/Cache/Pangu/2e381630574c73bb468f9ce8cd35ba23.php 第 96 行.
NOTIC: [8] Undefined variable: url /alidata/www/xmzkjqx/Application/Runtime/Cache/Pangu/2e381630574c73bb468f9ce8cd35ba23.php 第 96 行.
NOTIC: [8] Undefined variable: url /alidata/www/xmzkjqx/Application/Runtime/Cache/Pangu/2e381630574c73bb468f9ce8cd35ba23.php 第 96 行.
NOTIC: [8] Undefined variable: url /alidata/www/xmzkjqx/Application/Runtime/Cache/Pangu/2e381630574c73bb468f9ce8cd35ba23.php 第 96 行.
NOTIC: [8] Undefined variable: url /alidata/www/xmzkjqx/Application/Runtime/Cache/Pangu/2e381630574c73bb468f9ce8cd35ba23.php 第 96 行.
NOTIC: [8] Undefined variable: url /alidata/www/xmzkjqx/Application/Runtime/Cache/Pangu/2e381630574c73bb468f9ce8cd35ba23.php 第 96 行.
NOTIC: [8] Undefined variable: url /alidata/www/xmzkjqx/Application/Runtime/Cache/Pangu/2e381630574c73bb468f9ce8cd35ba23.php 第 96 行.
NOTIC: [8] Undefined variable: url /alidata/www/xmzkjqx/Application/Runtime/Cache/Pangu/2e381630574c73bb468f9ce8cd35ba23.php 第 96 行.
NOTIC: [8] Undefined variable: url /alidata/www/xmzkjqx/Application/Runtime/Cache/Pangu/2e381630574c73bb468f9ce8cd35ba23.php 第 96 行.
NOTIC: [8] Undefined variable: url /alidata/www/xmzkjqx/Application/Runtime/Cache/Pangu/2e381630574c73bb468f9ce8cd35ba23.php 第 96 行.
NOTIC: [8] Undefined variable: url /alidata/www/xmzkjqx/Application/Runtime/Cache/Pangu/2e381630574c73bb468f9ce8cd35ba23.php 第 96 行.
NOTIC: [8] Undefined variable: url /alidata/www/xmzkjqx/Application/Runtime/Cache/Pangu/2e381630574c73bb468f9ce8cd35ba23.php 第 96 行.
NOTIC: [8] Undefined variable: url /alidata/www/xmzkjqx/Application/Runtime/Cache/Pangu/2e381630574c73bb468f9ce8cd35ba23.php 第 96 行.
NOTIC: [8] Undefined variable: url /alidata/www/xmzkjqx/Application/Runtime/Cache/Pangu/2e381630574c73bb468f9ce8cd35ba23.php 第 96 行.
NOTIC: [8] Undefined variable: url /alidata/www/xmzkjqx/Application/Runtime/Cache/Pangu/2e381630574c73bb468f9ce8cd35ba23.php 第 96 行.
NOTIC: [8] Undefined variable: url /alidata/www/xmzkjqx/Application/Runtime/Cache/Pangu/2e381630574c73bb468f9ce8cd35ba23.php 第 96 行.
NOTIC: [8] Undefined variable: url /alidata/www/xmzkjqx/Application/Runtime/Cache/Pangu/2e381630574c73bb468f9ce8cd35ba23.php 第 96 行.
NOTIC: [8] Undefined variable: url /alidata/www/xmzkjqx/Application/Runtime/Cache/Pangu/2e381630574c73bb468f9ce8cd35ba23.php 第 96 行.
NOTIC: [8] Undefined variable: url /alidata/www/xmzkjqx/Application/Runtime/Cache/Pangu/2e381630574c73bb468f9ce8cd35ba23.php 第 96 行.
NOTIC: [8] Undefined variable: url /alidata/www/xmzkjqx/Application/Runtime/Cache/Pangu/2e381630574c73bb468f9ce8cd35ba23.php 第 96 行.
NOTIC: [8] Undefined variable: url /alidata/www/xmzkjqx/Application/Runtime/Cache/Pangu/2e381630574c73bb468f9ce8cd35ba23.php 第 96 行.
NOTIC: [8] Undefined variable: url /alidata/www/xmzkjqx/Application/Runtime/Cache/Pangu/2e381630574c73bb468f9ce8cd35ba23.php 第 96 行.
NOTIC: [8] Undefined variable: url /alidata/www/xmzkjqx/Application/Runtime/Cache/Pangu/2e381630574c73bb468f9ce8cd35ba23.php 第 96 行.
NOTIC: [8] Undefined variable: url /alidata/www/xmzkjqx/Application/Runtime/Cache/Pangu/2e381630574c73bb468f9ce8cd35ba23.php 第 96 行.
NOTIC: [8] Undefined variable: url /alidata/www/xmzkjqx/Application/Runtime/Cache/Pangu/2e381630574c73bb468f9ce8cd35ba23.php 第 96 行.
NOTIC: [8] Undefined variable: url /alidata/www/xmzkjqx/Application/Runtime/Cache/Pangu/2e381630574c73bb468f9ce8cd35ba23.php 第 96 行.
NOTIC: [8] Undefined variable: url /alidata/www/xmzkjqx/Application/Runtime/Cache/Pangu/2e381630574c73bb468f9ce8cd35ba23.php 第 96 行.
NOTIC: [8] Undefined variable: url /alidata/www/xmzkjqx/Application/Runtime/Cache/Pangu/2e381630574c73bb468f9ce8cd35ba23.php 第 96 行.
NOTIC: [8] Undefined variable: url /alidata/www/xmzkjqx/Application/Runtime/Cache/Pangu/2e381630574c73bb468f9ce8cd35ba23.php 第 96 行.
NOTIC: [8] Undefined variable: url /alidata/www/xmzkjqx/Application/Runtime/Cache/Pangu/2e381630574c73bb468f9ce8cd35ba23.php 第 96 行.
NOTIC: [8] Undefined variable: url /alidata/www/xmzkjqx/Application/Runtime/Cache/Pangu/2e381630574c73bb468f9ce8cd35ba23.php 第 96 行.
NOTIC: [8] Undefined variable: url /alidata/www/xmzkjqx/Application/Runtime/Cache/Pangu/2e381630574c73bb468f9ce8cd35ba23.php 第 96 行.
NOTIC: [8] Undefined variable: url /alidata/www/xmzkjqx/Application/Runtime/Cache/Pangu/2e381630574c73bb468f9ce8cd35ba23.php 第 96 行.
NOTIC: [8] Undefined variable: url /alidata/www/xmzkjqx/Application/Runtime/Cache/Pangu/2e381630574c73bb468f9ce8cd35ba23.php 第 96 行.
NOTIC: [8] Undefined variable: url /alidata/www/xmzkjqx/Application/Runtime/Cache/Pangu/2e381630574c73bb468f9ce8cd35ba23.php 第 96 行.
NOTIC: [8] Undefined variable: url /alidata/www/xmzkjqx/Application/Runtime/Cache/Pangu/2e381630574c73bb468f9ce8cd35ba23.php 第 96 行.
NOTIC: [8] Undefined variable: url /alidata/www/xmzkjqx/Application/Runtime/Cache/Pangu/2e381630574c73bb468f9ce8cd35ba23.php 第 96 行.
NOTIC: [8] Undefined variable: url /alidata/www/xmzkjqx/Application/Runtime/Cache/Pangu/2e381630574c73bb468f9ce8cd35ba23.php 第 96 行.
NOTIC: [8] Undefined variable: url /alidata/www/xmzkjqx/Application/Runtime/Cache/Pangu/2e381630574c73bb468f9ce8cd35ba23.php 第 96 行.
NOTIC: [8] Undefined variable: url /alidata/www/xmzkjqx/Application/Runtime/Cache/Pangu/2e381630574c73bb468f9ce8cd35ba23.php 第 96 行.
NOTIC: [8] Undefined variable: url /alidata/www/xmzkjqx/Application/Runtime/Cache/Pangu/2e381630574c73bb468f9ce8cd35ba23.php 第 96 行.
NOTIC: [8] Undefined variable: url /alidata/www/xmzkjqx/Application/Runtime/Cache/Pangu/2e381630574c73bb468f9ce8cd35ba23.php 第 96 行.
NOTIC: [8] Undefined variable: url /alidata/www/xmzkjqx/Application/Runtime/Cache/Pangu/2e381630574c73bb468f9ce8cd35ba23.php 第 96 行.
NOTIC: [8] Undefined variable: url /alidata/www/xmzkjqx/Application/Runtime/Cache/Pangu/2e381630574c73bb468f9ce8cd35ba23.php 第 96 行.
NOTIC: [8] Undefined variable: url /alidata/www/xmzkjqx/Application/Runtime/Cache/Pangu/2e381630574c73bb468f9ce8cd35ba23.php 第 96 行.
NOTIC: [8] Undefined variable: url /alidata/www/xmzkjqx/Application/Runtime/Cache/Pangu/2e381630574c73bb468f9ce8cd35ba23.php 第 96 行.
NOTIC: [8] Undefined variable: url /alidata/www/xmzkjqx/Application/Runtime/Cache/Pangu/2e381630574c73bb468f9ce8cd35ba23.php 第 96 行.
NOTIC: [8] Undefined variable: url /alidata/www/xmzkjqx/Application/Runtime/Cache/Pangu/2e381630574c73bb468f9ce8cd35ba23.php 第 96 行.
NOTIC: [8] Undefined variable: url /alidata/www/xmzkjqx/Application/Runtime/Cache/Pangu/2e381630574c73bb468f9ce8cd35ba23.php 第 96 行.
NOTIC: [8] Undefined variable: url /alidata/www/xmzkjqx/Application/Runtime/Cache/Pangu/2e381630574c73bb468f9ce8cd35ba23.php 第 96 行.
NOTIC: [8] Undefined variable: url /alidata/www/xmzkjqx/Application/Runtime/Cache/Pangu/2e381630574c73bb468f9ce8cd35ba23.php 第 96 行.
NOTIC: [8] Undefined variable: url /alidata/www/xmzkjqx/Application/Runtime/Cache/Pangu/2e381630574c73bb468f9ce8cd35ba23.php 第 96 行.
NOTIC: [8] Undefined variable: url /alidata/www/xmzkjqx/Application/Runtime/Cache/Pangu/2e381630574c73bb468f9ce8cd35ba23.php 第 96 行.
NOTIC: [8] Undefined variable: url /alidata/www/xmzkjqx/Application/Runtime/Cache/Pangu/2e381630574c73bb468f9ce8cd35ba23.php 第 96 行.
NOTIC: [8] Undefined variable: url /alidata/www/xmzkjqx/Application/Runtime/Cache/Pangu/2e381630574c73bb468f9ce8cd35ba23.php 第 96 行.
NOTIC: [8] Undefined variable: url /alidata/www/xmzkjqx/Application/Runtime/Cache/Pangu/2e381630574c73bb468f9ce8cd35ba23.php 第 96 行.
NOTIC: [8] Undefined variable: url /alidata/www/xmzkjqx/Application/Runtime/Cache/Pangu/2e381630574c73bb468f9ce8cd35ba23.php 第 96 行.
NOTIC: [8] Undefined variable: url /alidata/www/xmzkjqx/Application/Runtime/Cache/Pangu/2e381630574c73bb468f9ce8cd35ba23.php 第 96 行.
NOTIC: [8] Undefined variable: url /alidata/www/xmzkjqx/Application/Runtime/Cache/Pangu/2e381630574c73bb468f9ce8cd35ba23.php 第 96 行.
NOTIC: [8] Undefined variable: url /alidata/www/xmzkjqx/Application/Runtime/Cache/Pangu/2e381630574c73bb468f9ce8cd35ba23.php 第 96 行.
NOTIC: [8] Undefined variable: url /alidata/www/xmzkjqx/Application/Runtime/Cache/Pangu/2e381630574c73bb468f9ce8cd35ba23.php 第 96 行.
NOTIC: [8] Undefined variable: url /alidata/www/xmzkjqx/Application/Runtime/Cache/Pangu/2e381630574c73bb468f9ce8cd35ba23.php 第 96 行.
NOTIC: [8] Undefined variable: url /alidata/www/xmzkjqx/Application/Runtime/Cache/Pangu/2e381630574c73bb468f9ce8cd35ba23.php 第 96 行.
NOTIC: [8] Undefined variable: url /alidata/www/xmzkjqx/Application/Runtime/Cache/Pangu/2e381630574c73bb468f9ce8cd35ba23.php 第 96 行.
NOTIC: [8] Undefined variable: url /alidata/www/xmzkjqx/Application/Runtime/Cache/Pangu/2e381630574c73bb468f9ce8cd35ba23.php 第 96 行.
NOTIC: [8] Undefined variable: url /alidata/www/xmzkjqx/Application/Runtime/Cache/Pangu/2e381630574c73bb468f9ce8cd35ba23.php 第 96 行.
NOTIC: [8] Undefined variable: url /alidata/www/xmzkjqx/Application/Runtime/Cache/Pangu/2e381630574c73bb468f9ce8cd35ba23.php 第 96 行.
NOTIC: [8] Undefined variable: url /alidata/www/xmzkjqx/Application/Runtime/Cache/Pangu/2e381630574c73bb468f9ce8cd35ba23.php 第 96 行.
NOTIC: [8] Undefined variable: url /alidata/www/xmzkjqx/Application/Runtime/Cache/Pangu/2e381630574c73bb468f9ce8cd35ba23.php 第 96 行.
NOTIC: [8] Undefined variable: url /alidata/www/xmzkjqx/Application/Runtime/Cache/Pangu/2e381630574c73bb468f9ce8cd35ba23.php 第 96 行.
NOTIC: [8] Undefined variable: url /alidata/www/xmzkjqx/Application/Runtime/Cache/Pangu/2e381630574c73bb468f9ce8cd35ba23.php 第 96 行.
NOTIC: [8] Undefined variable: url /alidata/www/xmzkjqx/Application/Runtime/Cache/Pangu/2e381630574c73bb468f9ce8cd35ba23.php 第 96 行.
NOTIC: [8] Undefined variable: url /alidata/www/xmzkjqx/Application/Runtime/Cache/Pangu/2e381630574c73bb468f9ce8cd35ba23.php 第 96 行.
NOTIC: [8] Undefined variable: url /alidata/www/xmzkjqx/Application/Runtime/Cache/Pangu/2e381630574c73bb468f9ce8cd35ba23.php 第 96 行.
NOTIC: [8] Undefined variable: url /alidata/www/xmzkjqx/Application/Runtime/Cache/Pangu/2e381630574c73bb468f9ce8cd35ba23.php 第 96 行.
NOTIC: [8] Undefined variable: url /alidata/www/xmzkjqx/Application/Runtime/Cache/Pangu/2e381630574c73bb468f9ce8cd35ba23.php 第 96 行.
NOTIC: [8] Undefined variable: url /alidata/www/xmzkjqx/Application/Runtime/Cache/Pangu/2e381630574c73bb468f9ce8cd35ba23.php 第 96 行.
NOTIC: [8] Undefined variable: url /alidata/www/xmzkjqx/Application/Runtime/Cache/Pangu/2e381630574c73bb468f9ce8cd35ba23.php 第 96 行.
NOTIC: [8] Undefined variable: url /alidata/www/xmzkjqx/Application/Runtime/Cache/Pangu/2e381630574c73bb468f9ce8cd35ba23.php 第 96 行.
NOTIC: [8] Undefined variable: url /alidata/www/xmzkjqx/Application/Runtime/Cache/Pangu/2e381630574c73bb468f9ce8cd35ba23.php 第 96 行.
NOTIC: [8] Undefined variable: url /alidata/www/xmzkjqx/Application/Runtime/Cache/Pangu/2e381630574c73bb468f9ce8cd35ba23.php 第 96 行.
NOTIC: [8] Undefined variable: url /alidata/www/xmzkjqx/Application/Runtime/Cache/Pangu/2e381630574c73bb468f9ce8cd35ba23.php 第 96 行.
NOTIC: [8] Undefined variable: url /alidata/www/xmzkjqx/Application/Runtime/Cache/Pangu/2e381630574c73bb468f9ce8cd35ba23.php 第 96 行.
NOTIC: [8] Undefined variable: url /alidata/www/xmzkjqx/Application/Runtime/Cache/Pangu/2e381630574c73bb468f9ce8cd35ba23.php 第 96 行.
NOTIC: [8] Undefined variable: url /alidata/www/xmzkjqx/Application/Runtime/Cache/Pangu/2e381630574c73bb468f9ce8cd35ba23.php 第 96 行.
NOTIC: [8] Undefined variable: url /alidata/www/xmzkjqx/Application/Runtime/Cache/Pangu/2e381630574c73bb468f9ce8cd35ba23.php 第 96 行.
NOTIC: [8] Undefined variable: url /alidata/www/xmzkjqx/Application/Runtime/Cache/Pangu/2e381630574c73bb468f9ce8cd35ba23.php 第 96 行.
NOTIC: [8] Undefined variable: url /alidata/www/xmzkjqx/Application/Runtime/Cache/Pangu/2e381630574c73bb468f9ce8cd35ba23.php 第 96 行.
NOTIC: [8] Undefined variable: url /alidata/www/xmzkjqx/Application/Runtime/Cache/Pangu/2e381630574c73bb468f9ce8cd35ba23.php 第 96 行.
NOTIC: [8] Undefined variable: url /alidata/www/xmzkjqx/Application/Runtime/Cache/Pangu/2e381630574c73bb468f9ce8cd35ba23.php 第 96 行.
NOTIC: [8] Undefined variable: url /alidata/www/xmzkjqx/Application/Runtime/Cache/Pangu/2e381630574c73bb468f9ce8cd35ba23.php 第 96 行.
NOTIC: [8] Undefined variable: url /alidata/www/xmzkjqx/Application/Runtime/Cache/Pangu/2e381630574c73bb468f9ce8cd35ba23.php 第 96 行.
NOTIC: [8] Undefined variable: url /alidata/www/xmzkjqx/Application/Runtime/Cache/Pangu/2e381630574c73bb468f9ce8cd35ba23.php 第 96 行.
NOTIC: [8] Undefined variable: url /alidata/www/xmzkjqx/Application/Runtime/Cache/Pangu/2e381630574c73bb468f9ce8cd35ba23.php 第 96 行.
NOTIC: [8] Undefined variable: url /alidata/www/xmzkjqx/Application/Runtime/Cache/Pangu/2e381630574c73bb468f9ce8cd35ba23.php 第 96 行.
NOTIC: [8] Undefined variable: url /alidata/www/xmzkjqx/Application/Runtime/Cache/Pangu/2e381630574c73bb468f9ce8cd35ba23.php 第 96 行.
NOTIC: [8] Undefined variable: url /alidata/www/xmzkjqx/Application/Runtime/Cache/Pangu/2e381630574c73bb468f9ce8cd35ba23.php 第 96 行.
NOTIC: [8] Undefined variable: url /alidata/www/xmzkjqx/Application/Runtime/Cache/Pangu/2e381630574c73bb468f9ce8cd35ba23.php 第 96 行.
NOTIC: [8] Undefined variable: url /alidata/www/xmzkjqx/Application/Runtime/Cache/Pangu/2e381630574c73bb468f9ce8cd35ba23.php 第 96 行.
NOTIC: [8] Undefined variable: url /alidata/www/xmzkjqx/Application/Runtime/Cache/Pangu/2e381630574c73bb468f9ce8cd35ba23.php 第 96 行.
NOTIC: [8] Undefined variable: url /alidata/www/xmzkjqx/Application/Runtime/Cache/Pangu/2e381630574c73bb468f9ce8cd35ba23.php 第 96 行.
NOTIC: [8] Undefined variable: url /alidata/www/xmzkjqx/Application/Runtime/Cache/Pangu/2e381630574c73bb468f9ce8cd35ba23.php 第 96 行.
NOTIC: [8] Undefined variable: url /alidata/www/xmzkjqx/Application/Runtime/Cache/Pangu/2e381630574c73bb468f9ce8cd35ba23.php 第 96 行.
NOTIC: [8] Undefined variable: url /alidata/www/xmzkjqx/Application/Runtime/Cache/Pangu/2e381630574c73bb468f9ce8cd35ba23.php 第 96 行.
NOTIC: [8] Undefined variable: url /alidata/www/xmzkjqx/Application/Runtime/Cache/Pangu/2e381630574c73bb468f9ce8cd35ba23.php 第 96 行.
NOTIC: [8] Undefined variable: url /alidata/www/xmzkjqx/Application/Runtime/Cache/Pangu/2e381630574c73bb468f9ce8cd35ba23.php 第 96 行.
NOTIC: [8] Undefined variable: url /alidata/www/xmzkjqx/Application/Runtime/Cache/Pangu/2e381630574c73bb468f9ce8cd35ba23.php 第 96 行.
NOTIC: [8] Undefined variable: url /alidata/www/xmzkjqx/Application/Runtime/Cache/Pangu/2e381630574c73bb468f9ce8cd35ba23.php 第 96 行.
NOTIC: [8] Undefined variable: url /alidata/www/xmzkjqx/Application/Runtime/Cache/Pangu/2e381630574c73bb468f9ce8cd35ba23.php 第 96 行.
NOTIC: [8] Undefined variable: url /alidata/www/xmzkjqx/Application/Runtime/Cache/Pangu/2e381630574c73bb468f9ce8cd35ba23.php 第 96 行.
NOTIC: [8] Undefined variable: url /alidata/www/xmzkjqx/Application/Runtime/Cache/Pangu/2e381630574c73bb468f9ce8cd35ba23.php 第 96 行.
NOTIC: [8] Undefined variable: url /alidata/www/xmzkjqx/Application/Runtime/Cache/Pangu/2e381630574c73bb468f9ce8cd35ba23.php 第 96 行.
NOTIC: [8] Undefined variable: url /alidata/www/xmzkjqx/Application/Runtime/Cache/Pangu/2e381630574c73bb468f9ce8cd35ba23.php 第 96 行.
NOTIC: [8] Undefined variable: url /alidata/www/xmzkjqx/Application/Runtime/Cache/Pangu/2e381630574c73bb468f9ce8cd35ba23.php 第 96 行.
NOTIC: [8] Undefined variable: url /alidata/www/xmzkjqx/Application/Runtime/Cache/Pangu/2e381630574c73bb468f9ce8cd35ba23.php 第 96 行.
NOTIC: [8] Undefined variable: url /alidata/www/xmzkjqx/Application/Runtime/Cache/Pangu/2e381630574c73bb468f9ce8cd35ba23.php 第 96 行.
NOTIC: [8] Undefined variable: url /alidata/www/xmzkjqx/Application/Runtime/Cache/Pangu/2e381630574c73bb468f9ce8cd35ba23.php 第 96 行.
NOTIC: [8] Undefined variable: url /alidata/www/xmzkjqx/Application/Runtime/Cache/Pangu/2e381630574c73bb468f9ce8cd35ba23.php 第 96 行.
NOTIC: [8] Undefined variable: url /alidata/www/xmzkjqx/Application/Runtime/Cache/Pangu/2e381630574c73bb468f9ce8cd35ba23.php 第 96 行.
NOTIC: [8] Undefined variable: url /alidata/www/xmzkjqx/Application/Runtime/Cache/Pangu/2e381630574c73bb468f9ce8cd35ba23.php 第 96 行.
NOTIC: [8] Undefined variable: url /alidata/www/xmzkjqx/Application/Runtime/Cache/Pangu/2e381630574c73bb468f9ce8cd35ba23.php 第 96 行.
NOTIC: [8] Undefined variable: url /alidata/www/xmzkjqx/Application/Runtime/Cache/Pangu/2e381630574c73bb468f9ce8cd35ba23.php 第 96 行.
NOTIC: [8] Undefined variable: url /alidata/www/xmzkjqx/Application/Runtime/Cache/Pangu/2e381630574c73bb468f9ce8cd35ba23.php 第 96 行.
NOTIC: [8] Undefined variable: url /alidata/www/xmzkjqx/Application/Runtime/Cache/Pangu/2e381630574c73bb468f9ce8cd35ba23.php 第 96 行.
NOTIC: [8] Undefined variable: url /alidata/www/xmzkjqx/Application/Runtime/Cache/Pangu/2e381630574c73bb468f9ce8cd35ba23.php 第 96 行.
NOTIC: [8] Undefined variable: url /alidata/www/xmzkjqx/Application/Runtime/Cache/Pangu/2e381630574c73bb468f9ce8cd35ba23.php 第 96 行.
NOTIC: [8] Undefined variable: url /alidata/www/xmzkjqx/Application/Runtime/Cache/Pangu/2e381630574c73bb468f9ce8cd35ba23.php 第 96 行.
NOTIC: [8] Undefined variable: url /alidata/www/xmzkjqx/Application/Runtime/Cache/Pangu/2e381630574c73bb468f9ce8cd35ba23.php 第 96 行.
NOTIC: [8] Undefined variable: url /alidata/www/xmzkjqx/Application/Runtime/Cache/Pangu/2e381630574c73bb468f9ce8cd35ba23.php 第 96 行.
NOTIC: [8] Undefined variable: url /alidata/www/xmzkjqx/Application/Runtime/Cache/Pangu/2e381630574c73bb468f9ce8cd35ba23.php 第 96 行.
NOTIC: [8] Undefined variable: url /alidata/www/xmzkjqx/Application/Runtime/Cache/Pangu/2e381630574c73bb468f9ce8cd35ba23.php 第 96 行.
NOTIC: [8] Undefined variable: url /alidata/www/xmzkjqx/Application/Runtime/Cache/Pangu/2e381630574c73bb468f9ce8cd35ba23.php 第 96 行.
NOTIC: [8] Undefined variable: url /alidata/www/xmzkjqx/Application/Runtime/Cache/Pangu/2e381630574c73bb468f9ce8cd35ba23.php 第 96 行.
NOTIC: [8] Undefined variable: url /alidata/www/xmzkjqx/Application/Runtime/Cache/Pangu/2e381630574c73bb468f9ce8cd35ba23.php 第 96 行.
NOTIC: [8] Undefined variable: url /alidata/www/xmzkjqx/Application/Runtime/Cache/Pangu/2e381630574c73bb468f9ce8cd35ba23.php 第 96 行.
NOTIC: [8] Undefined variable: url /alidata/www/xmzkjqx/Application/Runtime/Cache/Pangu/2e381630574c73bb468f9ce8cd35ba23.php 第 96 行.
NOTIC: [8] Undefined variable: url /alidata/www/xmzkjqx/Application/Runtime/Cache/Pangu/2e381630574c73bb468f9ce8cd35ba23.php 第 96 行.
NOTIC: [8] Undefined variable: url /alidata/www/xmzkjqx/Application/Runtime/Cache/Pangu/2e381630574c73bb468f9ce8cd35ba23.php 第 96 行.
NOTIC: [8] Undefined variable: url /alidata/www/xmzkjqx/Application/Runtime/Cache/Pangu/2e381630574c73bb468f9ce8cd35ba23.php 第 96 行.
NOTIC: [8] Undefined variable: url /alidata/www/xmzkjqx/Application/Runtime/Cache/Pangu/2e381630574c73bb468f9ce8cd35ba23.php 第 96 行.
NOTIC: [8] Undefined variable: url /alidata/www/xmzkjqx/Application/Runtime/Cache/Pangu/2e381630574c73bb468f9ce8cd35ba23.php 第 96 行.
NOTIC: [8] Undefined variable: url /alidata/www/xmzkjqx/Application/Runtime/Cache/Pangu/2e381630574c73bb468f9ce8cd35ba23.php 第 96 行.
NOTIC: [8] Undefined variable: url /alidata/www/xmzkjqx/Application/Runtime/Cache/Pangu/2e381630574c73bb468f9ce8cd35ba23.php 第 96 行.
NOTIC: [8] Undefined variable: url /alidata/www/xmzkjqx/Application/Runtime/Cache/Pangu/2e381630574c73bb468f9ce8cd35ba23.php 第 96 行.
NOTIC: [8] Undefined variable: url /alidata/www/xmzkjqx/Application/Runtime/Cache/Pangu/2e381630574c73bb468f9ce8cd35ba23.php 第 96 行.
NOTIC: [8] Undefined variable: url /alidata/www/xmzkjqx/Application/Runtime/Cache/Pangu/2e381630574c73bb468f9ce8cd35ba23.php 第 96 行.
NOTIC: [8] Undefined variable: url /alidata/www/xmzkjqx/Application/Runtime/Cache/Pangu/2e381630574c73bb468f9ce8cd35ba23.php 第 96 行.
NOTIC: [8] Undefined variable: url /alidata/www/xmzkjqx/Application/Runtime/Cache/Pangu/2e381630574c73bb468f9ce8cd35ba23.php 第 96 行.
NOTIC: [8] Undefined variable: url /alidata/www/xmzkjqx/Application/Runtime/Cache/Pangu/2e381630574c73bb468f9ce8cd35ba23.php 第 96 行.
NOTIC: [8] Undefined variable: url /alidata/www/xmzkjqx/Application/Runtime/Cache/Pangu/2e381630574c73bb468f9ce8cd35ba23.php 第 96 行.
NOTIC: [8] Undefined variable: url /alidata/www/xmzkjqx/Application/Runtime/Cache/Pangu/2e381630574c73bb468f9ce8cd35ba23.php 第 96 行.
NOTIC: [8] Undefined variable: url /alidata/www/xmzkjqx/Application/Runtime/Cache/Pangu/2e381630574c73bb468f9ce8cd35ba23.php 第 96 行.
NOTIC: [8] Undefined variable: url /alidata/www/xmzkjqx/Application/Runtime/Cache/Pangu/2e381630574c73bb468f9ce8cd35ba23.php 第 96 行.
NOTIC: [8] Undefined variable: url /alidata/www/xmzkjqx/Application/Runtime/Cache/Pangu/2e381630574c73bb468f9ce8cd35ba23.php 第 96 行.
NOTIC: [8] Undefined variable: url /alidata/www/xmzkjqx/Application/Runtime/Cache/Pangu/2e381630574c73bb468f9ce8cd35ba23.php 第 96 行.
NOTIC: [8] Undefined variable: url /alidata/www/xmzkjqx/Application/Runtime/Cache/Pangu/2e381630574c73bb468f9ce8cd35ba23.php 第 96 行.
NOTIC: [8] Undefined variable: url /alidata/www/xmzkjqx/Application/Runtime/Cache/Pangu/2e381630574c73bb468f9ce8cd35ba23.php 第 96 行.
NOTIC: [8] Undefined variable: url /alidata/www/xmzkjqx/Application/Runtime/Cache/Pangu/2e381630574c73bb468f9ce8cd35ba23.php 第 96 行.
NOTIC: [8] Undefined variable: url /alidata/www/xmzkjqx/Application/Runtime/Cache/Pangu/2e381630574c73bb468f9ce8cd35ba23.php 第 96 行.
NOTIC: [8] Undefined variable: url /alidata/www/xmzkjqx/Application/Runtime/Cache/Pangu/2e381630574c73bb468f9ce8cd35ba23.php 第 96 行.
NOTIC: [8] Undefined variable: url /alidata/www/xmzkjqx/Application/Runtime/Cache/Pangu/2e381630574c73bb468f9ce8cd35ba23.php 第 96 行.
NOTIC: [8] Undefined variable: url /alidata/www/xmzkjqx/Application/Runtime/Cache/Pangu/2e381630574c73bb468f9ce8cd35ba23.php 第 96 行.
NOTIC: [8] Undefined variable: url /alidata/www/xmzkjqx/Application/Runtime/Cache/Pangu/2e381630574c73bb468f9ce8cd35ba23.php 第 96 行.
NOTIC: [8] Undefined variable: url /alidata/www/xmzkjqx/Application/Runtime/Cache/Pangu/2e381630574c73bb468f9ce8cd35ba23.php 第 96 行.
NOTIC: [8] Undefined variable: url /alidata/www/xmzkjqx/Application/Runtime/Cache/Pangu/2e381630574c73bb468f9ce8cd35ba23.php 第 96 行.
NOTIC: [8] Undefined variable: url /alidata/www/xmzkjqx/Application/Runtime/Cache/Pangu/2e381630574c73bb468f9ce8cd35ba23.php 第 96 行.
NOTIC: [8] Undefined variable: url /alidata/www/xmzkjqx/Application/Runtime/Cache/Pangu/2e381630574c73bb468f9ce8cd35ba23.php 第 96 行.
NOTIC: [8] Undefined variable: url /alidata/www/xmzkjqx/Application/Runtime/Cache/Pangu/2e381630574c73bb468f9ce8cd35ba23.php 第 96 行.
NOTIC: [8] Undefined variable: url /alidata/www/xmzkjqx/Application/Runtime/Cache/Pangu/2e381630574c73bb468f9ce8cd35ba23.php 第 96 行.
NOTIC: [8] Undefined variable: url /alidata/www/xmzkjqx/Application/Runtime/Cache/Pangu/2e381630574c73bb468f9ce8cd35ba23.php 第 96 行.
NOTIC: [8] Undefined variable: url /alidata/www/xmzkjqx/Application/Runtime/Cache/Pangu/2e381630574c73bb468f9ce8cd35ba23.php 第 96 行.
NOTIC: [8] Undefined variable: url /alidata/www/xmzkjqx/Application/Runtime/Cache/Pangu/2e381630574c73bb468f9ce8cd35ba23.php 第 96 行.
NOTIC: [8] Undefined variable: url /alidata/www/xmzkjqx/Application/Runtime/Cache/Pangu/2e381630574c73bb468f9ce8cd35ba23.php 第 96 行.
NOTIC: [8] Undefined variable: url /alidata/www/xmzkjqx/Application/Runtime/Cache/Pangu/2e381630574c73bb468f9ce8cd35ba23.php 第 96 行.
NOTIC: [8] Undefined variable: url /alidata/www/xmzkjqx/Application/Runtime/Cache/Pangu/2e381630574c73bb468f9ce8cd35ba23.php 第 96 行.
NOTIC: [8] Undefined variable: url /alidata/www/xmzkjqx/Application/Runtime/Cache/Pangu/2e381630574c73bb468f9ce8cd35ba23.php 第 96 行.
NOTIC: [8] Undefined variable: url /alidata/www/xmzkjqx/Application/Runtime/Cache/Pangu/2e381630574c73bb468f9ce8cd35ba23.php 第 96 行.
NOTIC: [8] Undefined variable: url /alidata/www/xmzkjqx/Application/Runtime/Cache/Pangu/2e381630574c73bb468f9ce8cd35ba23.php 第 96 行.
NOTIC: [8] Undefined variable: url /alidata/www/xmzkjqx/Application/Runtime/Cache/Pangu/2e381630574c73bb468f9ce8cd35ba23.php 第 96 行.
NOTIC: [8] Undefined variable: url /alidata/www/xmzkjqx/Application/Runtime/Cache/Pangu/2e381630574c73bb468f9ce8cd35ba23.php 第 96 行.
NOTIC: [8] Undefined variable: url /alidata/www/xmzkjqx/Application/Runtime/Cache/Pangu/2e381630574c73bb468f9ce8cd35ba23.php 第 96 行.
NOTIC: [8] Undefined variable: url /alidata/www/xmzkjqx/Application/Runtime/Cache/Pangu/2e381630574c73bb468f9ce8cd35ba23.php 第 96 行.
NOTIC: [8] Undefined variable: url /alidata/www/xmzkjqx/Application/Runtime/Cache/Pangu/2e381630574c73bb468f9ce8cd35ba23.php 第 96 行.
NOTIC: [8] Undefined variable: url /alidata/www/xmzkjqx/Application/Runtime/Cache/Pangu/2e381630574c73bb468f9ce8cd35ba23.php 第 96 行.
NOTIC: [8] Undefined variable: url /alidata/www/xmzkjqx/Application/Runtime/Cache/Pangu/2e381630574c73bb468f9ce8cd35ba23.php 第 96 行.
NOTIC: [8] Undefined variable: url /alidata/www/xmzkjqx/Application/Runtime/Cache/Pangu/2e381630574c73bb468f9ce8cd35ba23.php 第 96 行.
NOTIC: [8] Undefined variable: url /alidata/www/xmzkjqx/Application/Runtime/Cache/Pangu/2e381630574c73bb468f9ce8cd35ba23.php 第 96 行.
NOTIC: [8] Undefined variable: url /alidata/www/xmzkjqx/Application/Runtime/Cache/Pangu/2e381630574c73bb468f9ce8cd35ba23.php 第 96 行.
NOTIC: [8] Undefined variable: url /alidata/www/xmzkjqx/Application/Runtime/Cache/Pangu/2e381630574c73bb468f9ce8cd35ba23.php 第 96 行.
NOTIC: [8] Undefined variable: url /alidata/www/xmzkjqx/Application/Runtime/Cache/Pangu/2e381630574c73bb468f9ce8cd35ba23.php 第 96 行.
NOTIC: [8] Undefined variable: url /alidata/www/xmzkjqx/Application/Runtime/Cache/Pangu/2e381630574c73bb468f9ce8cd35ba23.php 第 96 行.
NOTIC: [8] Undefined variable: url /alidata/www/xmzkjqx/Application/Runtime/Cache/Pangu/2e381630574c73bb468f9ce8cd35ba23.php 第 96 行.
NOTIC: [8] Undefined variable: url /alidata/www/xmzkjqx/Application/Runtime/Cache/Pangu/2e381630574c73bb468f9ce8cd35ba23.php 第 96 行.
NOTIC: [8] Undefined variable: url /alidata/www/xmzkjqx/Application/Runtime/Cache/Pangu/2e381630574c73bb468f9ce8cd35ba23.php 第 96 行.
NOTIC: [8] Undefined variable: url /alidata/www/xmzkjqx/Application/Runtime/Cache/Pangu/2e381630574c73bb468f9ce8cd35ba23.php 第 96 行.
NOTIC: [8] Undefined variable: url /alidata/www/xmzkjqx/Application/Runtime/Cache/Pangu/2e381630574c73bb468f9ce8cd35ba23.php 第 96 行.
NOTIC: [8] Undefined variable: url /alidata/www/xmzkjqx/Application/Runtime/Cache/Pangu/2e381630574c73bb468f9ce8cd35ba23.php 第 96 行.
NOTIC: [8] Undefined variable: url /alidata/www/xmzkjqx/Application/Runtime/Cache/Pangu/2e381630574c73bb468f9ce8cd35ba23.php 第 96 行.
NOTIC: [8] Undefined variable: url /alidata/www/xmzkjqx/Application/Runtime/Cache/Pangu/2e381630574c73bb468f9ce8cd35ba23.php 第 96 行.
NOTIC: [8] Undefined variable: url /alidata/www/xmzkjqx/Application/Runtime/Cache/Pangu/2e381630574c73bb468f9ce8cd35ba23.php 第 96 行.
NOTIC: [8] Undefined variable: url /alidata/www/xmzkjqx/Application/Runtime/Cache/Pangu/2e381630574c73bb468f9ce8cd35ba23.php 第 96 行.
NOTIC: [8] Undefined variable: url /alidata/www/xmzkjqx/Application/Runtime/Cache/Pangu/2e381630574c73bb468f9ce8cd35ba23.php 第 96 行.
NOTIC: [8] Undefined variable: url /alidata/www/xmzkjqx/Application/Runtime/Cache/Pangu/2e381630574c73bb468f9ce8cd35ba23.php 第 96 行.
NOTIC: [8] Undefined variable: url /alidata/www/xmzkjqx/Application/Runtime/Cache/Pangu/2e381630574c73bb468f9ce8cd35ba23.php 第 96 行.
NOTIC: [8] Undefined variable: url /alidata/www/xmzkjqx/Application/Runtime/Cache/Pangu/2e381630574c73bb468f9ce8cd35ba23.php 第 96 行.
NOTIC: [8] Undefined variable: url /alidata/www/xmzkjqx/Application/Runtime/Cache/Pangu/2e381630574c73bb468f9ce8cd35ba23.php 第 96 行.
NOTIC: [8] Undefined variable: url /alidata/www/xmzkjqx/Application/Runtime/Cache/Pangu/2e381630574c73bb468f9ce8cd35ba23.php 第 96 行.
NOTIC: [8] Undefined variable: url /alidata/www/xmzkjqx/Application/Runtime/Cache/Pangu/2e381630574c73bb468f9ce8cd35ba23.php 第 96 行.
NOTIC: [8] Undefined variable: url /alidata/www/xmzkjqx/Application/Runtime/Cache/Pangu/2e381630574c73bb468f9ce8cd35ba23.php 第 96 行.
NOTIC: [8] Undefined variable: url /alidata/www/xmzkjqx/Application/Runtime/Cache/Pangu/2e381630574c73bb468f9ce8cd35ba23.php 第 96 行.
NOTIC: [8] Undefined variable: url /alidata/www/xmzkjqx/Application/Runtime/Cache/Pangu/2e381630574c73bb468f9ce8cd35ba23.php 第 96 行.
NOTIC: [8] Undefined variable: url /alidata/www/xmzkjqx/Application/Runtime/Cache/Pangu/2e381630574c73bb468f9ce8cd35ba23.php 第 96 行.
NOTIC: [8] Undefined variable: url /alidata/www/xmzkjqx/Application/Runtime/Cache/Pangu/2e381630574c73bb468f9ce8cd35ba23.php 第 96 行.
NOTIC: [8] Undefined variable: url /alidata/www/xmzkjqx/Application/Runtime/Cache/Pangu/2e381630574c73bb468f9ce8cd35ba23.php 第 96 行.
NOTIC: [8] Undefined variable: url /alidata/www/xmzkjqx/Application/Runtime/Cache/Pangu/2e381630574c73bb468f9ce8cd35ba23.php 第 96 行.
NOTIC: [8] Undefined variable: url /alidata/www/xmzkjqx/Application/Runtime/Cache/Pangu/2e381630574c73bb468f9ce8cd35ba23.php 第 96 行.
NOTIC: [8] Undefined variable: url /alidata/www/xmzkjqx/Application/Runtime/Cache/Pangu/2e381630574c73bb468f9ce8cd35ba23.php 第 96 行.
NOTIC: [8] Undefined variable: url /alidata/www/xmzkjqx/Application/Runtime/Cache/Pangu/2e381630574c73bb468f9ce8cd35ba23.php 第 96 行.
NOTIC: [8] Undefined variable: url /alidata/www/xmzkjqx/Application/Runtime/Cache/Pangu/2e381630574c73bb468f9ce8cd35ba23.php 第 96 行.
NOTIC: [8] Undefined variable: url /alidata/www/xmzkjqx/Application/Runtime/Cache/Pangu/2e381630574c73bb468f9ce8cd35ba23.php 第 96 行.
NOTIC: [8] Undefined variable: url /alidata/www/xmzkjqx/Application/Runtime/Cache/Pangu/2e381630574c73bb468f9ce8cd35ba23.php 第 96 行.
NOTIC: [8] Undefined variable: url /alidata/www/xmzkjqx/Application/Runtime/Cache/Pangu/2e381630574c73bb468f9ce8cd35ba23.php 第 96 行.
NOTIC: [8] Undefined variable: url /alidata/www/xmzkjqx/Application/Runtime/Cache/Pangu/2e381630574c73bb468f9ce8cd35ba23.php 第 96 行.
NOTIC: [8] Undefined variable: url /alidata/www/xmzkjqx/Application/Runtime/Cache/Pangu/2e381630574c73bb468f9ce8cd35ba23.php 第 96 行.
NOTIC: [8] Undefined variable: url /alidata/www/xmzkjqx/Application/Runtime/Cache/Pangu/2e381630574c73bb468f9ce8cd35ba23.php 第 96 行.
NOTIC: [8] Undefined variable: url /alidata/www/xmzkjqx/Application/Runtime/Cache/Pangu/2e381630574c73bb468f9ce8cd35ba23.php 第 96 行.
NOTIC: [8] Undefined variable: url /alidata/www/xmzkjqx/Application/Runtime/Cache/Pangu/2e381630574c73bb468f9ce8cd35ba23.php 第 96 行.
NOTIC: [8] Undefined variable: url /alidata/www/xmzkjqx/Application/Runtime/Cache/Pangu/2e381630574c73bb468f9ce8cd35ba23.php 第 96 行.
NOTIC: [8] Undefined variable: url /alidata/www/xmzkjqx/Application/Runtime/Cache/Pangu/2e381630574c73bb468f9ce8cd35ba23.php 第 96 行.
NOTIC: [8] Undefined variable: url /alidata/www/xmzkjqx/Application/Runtime/Cache/Pangu/2e381630574c73bb468f9ce8cd35ba23.php 第 96 行.
NOTIC: [8] Undefined variable: url /alidata/www/xmzkjqx/Application/Runtime/Cache/Pangu/2e381630574c73bb468f9ce8cd35ba23.php 第 96 行.
NOTIC: [8] Undefined variable: url /alidata/www/xmzkjqx/Application/Runtime/Cache/Pangu/2e381630574c73bb468f9ce8cd35ba23.php 第 96 行.
NOTIC: [8] Undefined variable: url /alidata/www/xmzkjqx/Application/Runtime/Cache/Pangu/2e381630574c73bb468f9ce8cd35ba23.php 第 96 行.
NOTIC: [8] Undefined variable: url /alidata/www/xmzkjqx/Application/Runtime/Cache/Pangu/2e381630574c73bb468f9ce8cd35ba23.php 第 96 行.
NOTIC: [8] Undefined variable: url /alidata/www/xmzkjqx/Application/Runtime/Cache/Pangu/2e381630574c73bb468f9ce8cd35ba23.php 第 96 行.
NOTIC: [8] Undefined variable: url /alidata/www/xmzkjqx/Application/Runtime/Cache/Pangu/2e381630574c73bb468f9ce8cd35ba23.php 第 96 行.
NOTIC: [8] Undefined variable: url /alidata/www/xmzkjqx/Application/Runtime/Cache/Pangu/2e381630574c73bb468f9ce8cd35ba23.php 第 96 行.
NOTIC: [8] Undefined variable: url /alidata/www/xmzkjqx/Application/Runtime/Cache/Pangu/2e381630574c73bb468f9ce8cd35ba23.php 第 96 行.
NOTIC: [8] Undefined variable: url /alidata/www/xmzkjqx/Application/Runtime/Cache/Pangu/2e381630574c73bb468f9ce8cd35ba23.php 第 96 行.
NOTIC: [8] Undefined variable: url /alidata/www/xmzkjqx/Application/Runtime/Cache/Pangu/2e381630574c73bb468f9ce8cd35ba23.php 第 96 行.
NOTIC: [8] Undefined variable: url /alidata/www/xmzkjqx/Application/Runtime/Cache/Pangu/2e381630574c73bb468f9ce8cd35ba23.php 第 96 行.
NOTIC: [8] Undefined variable: url /alidata/www/xmzkjqx/Application/Runtime/Cache/Pangu/2e381630574c73bb468f9ce8cd35ba23.php 第 96 行.
NOTIC: [8] Undefined variable: url /alidata/www/xmzkjqx/Application/Runtime/Cache/Pangu/2e381630574c73bb468f9ce8cd35ba23.php 第 96 行.
NOTIC: [8] Undefined variable: url /alidata/www/xmzkjqx/Application/Runtime/Cache/Pangu/2e381630574c73bb468f9ce8cd35ba23.php 第 96 行.
NOTIC: [8] Undefined variable: url /alidata/www/xmzkjqx/Application/Runtime/Cache/Pangu/2e381630574c73bb468f9ce8cd35ba23.php 第 96 行.
NOTIC: [8] Undefined variable: url /alidata/www/xmzkjqx/Application/Runtime/Cache/Pangu/2e381630574c73bb468f9ce8cd35ba23.php 第 96 行.
NOTIC: [8] Undefined variable: url /alidata/www/xmzkjqx/Application/Runtime/Cache/Pangu/2e381630574c73bb468f9ce8cd35ba23.php 第 96 行.
NOTIC: [8] Undefined variable: url /alidata/www/xmzkjqx/Application/Runtime/Cache/Pangu/2e381630574c73bb468f9ce8cd35ba23.php 第 96 行.
NOTIC: [8] Undefined variable: url /alidata/www/xmzkjqx/Application/Runtime/Cache/Pangu/2e381630574c73bb468f9ce8cd35ba23.php 第 96 行.
NOTIC: [8] Undefined variable: url /alidata/www/xmzkjqx/Application/Runtime/Cache/Pangu/2e381630574c73bb468f9ce8cd35ba23.php 第 96 行.
NOTIC: [8] Undefined variable: url /alidata/www/xmzkjqx/Application/Runtime/Cache/Pangu/2e381630574c73bb468f9ce8cd35ba23.php 第 96 行.
NOTIC: [8] Undefined variable: url /alidata/www/xmzkjqx/Application/Runtime/Cache/Pangu/2e381630574c73bb468f9ce8cd35ba23.php 第 96 行.
NOTIC: [8] Undefined variable: url /alidata/www/xmzkjqx/Application/Runtime/Cache/Pangu/2e381630574c73bb468f9ce8cd35ba23.php 第 96 行.
NOTIC: [8] Undefined variable: url /alidata/www/xmzkjqx/Application/Runtime/Cache/Pangu/2e381630574c73bb468f9ce8cd35ba23.php 第 96 行.
NOTIC: [8] Undefined variable: url /alidata/www/xmzkjqx/Application/Runtime/Cache/Pangu/2e381630574c73bb468f9ce8cd35ba23.php 第 96 行.
NOTIC: [8] Undefined variable: url /alidata/www/xmzkjqx/Application/Runtime/Cache/Pangu/2e381630574c73bb468f9ce8cd35ba23.php 第 96 行.
NOTIC: [8] Undefined variable: url /alidata/www/xmzkjqx/Application/Runtime/Cache/Pangu/2e381630574c73bb468f9ce8cd35ba23.php 第 96 行.
NOTIC: [8] Undefined variable: url /alidata/www/xmzkjqx/Application/Runtime/Cache/Pangu/2e381630574c73bb468f9ce8cd35ba23.php 第 96 行.
NOTIC: [8] Undefined variable: url /alidata/www/xmzkjqx/Application/Runtime/Cache/Pangu/2e381630574c73bb468f9ce8cd35ba23.php 第 96 行.
NOTIC: [8] Undefined variable: url /alidata/www/xmzkjqx/Application/Runtime/Cache/Pangu/2e381630574c73bb468f9ce8cd35ba23.php 第 96 行.
NOTIC: [8] Undefined variable: url /alidata/www/xmzkjqx/Application/Runtime/Cache/Pangu/2e381630574c73bb468f9ce8cd35ba23.php 第 96 行.
NOTIC: [8] Undefined variable: url /alidata/www/xmzkjqx/Application/Runtime/Cache/Pangu/2e381630574c73bb468f9ce8cd35ba23.php 第 96 行.
NOTIC: [8] Undefined variable: url /alidata/www/xmzkjqx/Application/Runtime/Cache/Pangu/2e381630574c73bb468f9ce8cd35ba23.php 第 96 行.
NOTIC: [8] Undefined variable: url /alidata/www/xmzkjqx/Application/Runtime/Cache/Pangu/2e381630574c73bb468f9ce8cd35ba23.php 第 96 行.
NOTIC: [8] Undefined variable: url /alidata/www/xmzkjqx/Application/Runtime/Cache/Pangu/2e381630574c73bb468f9ce8cd35ba23.php 第 96 行.
NOTIC: [8] Undefined variable: url /alidata/www/xmzkjqx/Application/Runtime/Cache/Pangu/2e381630574c73bb468f9ce8cd35ba23.php 第 96 行.
NOTIC: [8] Undefined variable: url /alidata/www/xmzkjqx/Application/Runtime/Cache/Pangu/2e381630574c73bb468f9ce8cd35ba23.php 第 96 行.
NOTIC: [8] Undefined variable: url /alidata/www/xmzkjqx/Application/Runtime/Cache/Pangu/2e381630574c73bb468f9ce8cd35ba23.php 第 96 行.
NOTIC: [8] Undefined variable: url /alidata/www/xmzkjqx/Application/Runtime/Cache/Pangu/2e381630574c73bb468f9ce8cd35ba23.php 第 96 行.
NOTIC: [8] Undefined variable: url /alidata/www/xmzkjqx/Application/Runtime/Cache/Pangu/2e381630574c73bb468f9ce8cd35ba23.php 第 96 行.
NOTIC: [8] Undefined variable: url /alidata/www/xmzkjqx/Application/Runtime/Cache/Pangu/2e381630574c73bb468f9ce8cd35ba23.php 第 96 行.
NOTIC: [8] Undefined variable: url /alidata/www/xmzkjqx/Application/Runtime/Cache/Pangu/2e381630574c73bb468f9ce8cd35ba23.php 第 96 行.
NOTIC: [8] Undefined variable: url /alidata/www/xmzkjqx/Application/Runtime/Cache/Pangu/2e381630574c73bb468f9ce8cd35ba23.php 第 96 行.
NOTIC: [8] Undefined variable: url /alidata/www/xmzkjqx/Application/Runtime/Cache/Pangu/2e381630574c73bb468f9ce8cd35ba23.php 第 96 行.
NOTIC: [8] Undefined variable: url /alidata/www/xmzkjqx/Application/Runtime/Cache/Pangu/2e381630574c73bb468f9ce8cd35ba23.php 第 96 行.
NOTIC: [8] Undefined variable: url /alidata/www/xmzkjqx/Application/Runtime/Cache/Pangu/2e381630574c73bb468f9ce8cd35ba23.php 第 96 行.
NOTIC: [8] Undefined variable: url /alidata/www/xmzkjqx/Application/Runtime/Cache/Pangu/2e381630574c73bb468f9ce8cd35ba23.php 第 96 行.
NOTIC: [8] Undefined variable: url /alidata/www/xmzkjqx/Application/Runtime/Cache/Pangu/2e381630574c73bb468f9ce8cd35ba23.php 第 96 行.
NOTIC: [8] Undefined variable: url /alidata/www/xmzkjqx/Application/Runtime/Cache/Pangu/2e381630574c73bb468f9ce8cd35ba23.php 第 96 行.
NOTIC: [8] Undefined variable: url /alidata/www/xmzkjqx/Application/Runtime/Cache/Pangu/2e381630574c73bb468f9ce8cd35ba23.php 第 96 行.
NOTIC: [8] Undefined variable: url /alidata/www/xmzkjqx/Application/Runtime/Cache/Pangu/2e381630574c73bb468f9ce8cd35ba23.php 第 96 行.
NOTIC: [8] Undefined variable: url /alidata/www/xmzkjqx/Application/Runtime/Cache/Pangu/2e381630574c73bb468f9ce8cd35ba23.php 第 96 行.
NOTIC: [8] Undefined variable: url /alidata/www/xmzkjqx/Application/Runtime/Cache/Pangu/2e381630574c73bb468f9ce8cd35ba23.php 第 96 行.
NOTIC: [8] Undefined variable: url /alidata/www/xmzkjqx/Application/Runtime/Cache/Pangu/2e381630574c73bb468f9ce8cd35ba23.php 第 96 行.
NOTIC: [8] Undefined variable: url /alidata/www/xmzkjqx/Application/Runtime/Cache/Pangu/2e381630574c73bb468f9ce8cd35ba23.php 第 96 行.
NOTIC: [8] Undefined variable: url /alidata/www/xmzkjqx/Application/Runtime/Cache/Pangu/2e381630574c73bb468f9ce8cd35ba23.php 第 96 行.
NOTIC: [8] Undefined variable: url /alidata/www/xmzkjqx/Application/Runtime/Cache/Pangu/2e381630574c73bb468f9ce8cd35ba23.php 第 96 行.
NOTIC: [8] Undefined variable: url /alidata/www/xmzkjqx/Application/Runtime/Cache/Pangu/2e381630574c73bb468f9ce8cd35ba23.php 第 96 行.
NOTIC: [8] Undefined variable: url /alidata/www/xmzkjqx/Application/Runtime/Cache/Pangu/2e381630574c73bb468f9ce8cd35ba23.php 第 96 行.
NOTIC: [8] Undefined variable: url /alidata/www/xmzkjqx/Application/Runtime/Cache/Pangu/2e381630574c73bb468f9ce8cd35ba23.php 第 96 行.
NOTIC: [8] Undefined variable: url /alidata/www/xmzkjqx/Application/Runtime/Cache/Pangu/2e381630574c73bb468f9ce8cd35ba23.php 第 96 行.
NOTIC: [8] Undefined variable: url /alidata/www/xmzkjqx/Application/Runtime/Cache/Pangu/2e381630574c73bb468f9ce8cd35ba23.php 第 96 行.
NOTIC: [8] Undefined variable: url /alidata/www/xmzkjqx/Application/Runtime/Cache/Pangu/2e381630574c73bb468f9ce8cd35ba23.php 第 96 行.
NOTIC: [8] Undefined variable: url /alidata/www/xmzkjqx/Application/Runtime/Cache/Pangu/2e381630574c73bb468f9ce8cd35ba23.php 第 96 行.
NOTIC: [8] Undefined variable: url /alidata/www/xmzkjqx/Application/Runtime/Cache/Pangu/2e381630574c73bb468f9ce8cd35ba23.php 第 96 行.
NOTIC: [8] Undefined variable: url /alidata/www/xmzkjqx/Application/Runtime/Cache/Pangu/2e381630574c73bb468f9ce8cd35ba23.php 第 96 行.
NOTIC: [8] Undefined variable: url /alidata/www/xmzkjqx/Application/Runtime/Cache/Pangu/2e381630574c73bb468f9ce8cd35ba23.php 第 96 行.
NOTIC: [8] Undefined variable: url /alidata/www/xmzkjqx/Application/Runtime/Cache/Pangu/2e381630574c73bb468f9ce8cd35ba23.php 第 96 行.
NOTIC: [8] Undefined variable: url /alidata/www/xmzkjqx/Application/Runtime/Cache/Pangu/2e381630574c73bb468f9ce8cd35ba23.php 第 96 行.
NOTIC: [8] Undefined variable: url /alidata/www/xmzkjqx/Application/Runtime/Cache/Pangu/2e381630574c73bb468f9ce8cd35ba23.php 第 96 行.
NOTIC: [8] Undefined variable: url /alidata/www/xmzkjqx/Application/Runtime/Cache/Pangu/2e381630574c73bb468f9ce8cd35ba23.php 第 96 行.
NOTIC: [8] Undefined variable: url /alidata/www/xmzkjqx/Application/Runtime/Cache/Pangu/2e381630574c73bb468f9ce8cd35ba23.php 第 96 行.
NOTIC: [8] Undefined variable: url /alidata/www/xmzkjqx/Application/Runtime/Cache/Pangu/2e381630574c73bb468f9ce8cd35ba23.php 第 96 行.
NOTIC: [8] Undefined variable: url /alidata/www/xmzkjqx/Application/Runtime/Cache/Pangu/2e381630574c73bb468f9ce8cd35ba23.php 第 96 行.
NOTIC: [8] Undefined variable: url /alidata/www/xmzkjqx/Application/Runtime/Cache/Pangu/2e381630574c73bb468f9ce8cd35ba23.php 第 96 行.
NOTIC: [8] Undefined variable: url /alidata/www/xmzkjqx/Application/Runtime/Cache/Pangu/2e381630574c73bb468f9ce8cd35ba23.php 第 96 行.
NOTIC: [8] Undefined variable: url /alidata/www/xmzkjqx/Application/Runtime/Cache/Pangu/2e381630574c73bb468f9ce8cd35ba23.php 第 96 行.
NOTIC: [8] Undefined variable: url /alidata/www/xmzkjqx/Application/Runtime/Cache/Pangu/2e381630574c73bb468f9ce8cd35ba23.php 第 96 行.
NOTIC: [8] Undefined variable: url /alidata/www/xmzkjqx/Application/Runtime/Cache/Pangu/2e381630574c73bb468f9ce8cd35ba23.php 第 96 行.
NOTIC: [8] Undefined variable: url /alidata/www/xmzkjqx/Application/Runtime/Cache/Pangu/2e381630574c73bb468f9ce8cd35ba23.php 第 96 行.
NOTIC: [8] Undefined variable: url /alidata/www/xmzkjqx/Application/Runtime/Cache/Pangu/2e381630574c73bb468f9ce8cd35ba23.php 第 96 行.
NOTIC: [8] Undefined variable: url /alidata/www/xmzkjqx/Application/Runtime/Cache/Pangu/2e381630574c73bb468f9ce8cd35ba23.php 第 96 行.
NOTIC: [8] Undefined variable: url /alidata/www/xmzkjqx/Application/Runtime/Cache/Pangu/2e381630574c73bb468f9ce8cd35ba23.php 第 96 行.
NOTIC: [8] Undefined variable: url /alidata/www/xmzkjqx/Application/Runtime/Cache/Pangu/2e381630574c73bb468f9ce8cd35ba23.php 第 96 行.
NOTIC: [8] Undefined variable: url /alidata/www/xmzkjqx/Application/Runtime/Cache/Pangu/2e381630574c73bb468f9ce8cd35ba23.php 第 96 行.
NOTIC: [8] Undefined variable: url /alidata/www/xmzkjqx/Application/Runtime/Cache/Pangu/2e381630574c73bb468f9ce8cd35ba23.php 第 96 行.
NOTIC: [8] Undefined variable: url /alidata/www/xmzkjqx/Application/Runtime/Cache/Pangu/2e381630574c73bb468f9ce8cd35ba23.php 第 96 行.
NOTIC: [8] Undefined variable: url /alidata/www/xmzkjqx/Application/Runtime/Cache/Pangu/2e381630574c73bb468f9ce8cd35ba23.php 第 96 行.
NOTIC: [8] Undefined variable: url /alidata/www/xmzkjqx/Application/Runtime/Cache/Pangu/2e381630574c73bb468f9ce8cd35ba23.php 第 96 行.
NOTIC: [8] Undefined variable: url /alidata/www/xmzkjqx/Application/Runtime/Cache/Pangu/2e381630574c73bb468f9ce8cd35ba23.php 第 96 行.
NOTIC: [8] Undefined variable: url /alidata/www/xmzkjqx/Application/Runtime/Cache/Pangu/2e381630574c73bb468f9ce8cd35ba23.php 第 96 行.
NOTIC: [8] Undefined variable: url /alidata/www/xmzkjqx/Application/Runtime/Cache/Pangu/2e381630574c73bb468f9ce8cd35ba23.php 第 96 行.
NOTIC: [8] Undefined variable: url /alidata/www/xmzkjqx/Application/Runtime/Cache/Pangu/2e381630574c73bb468f9ce8cd35ba23.php 第 96 行.
NOTIC: [8] Undefined variable: url /alidata/www/xmzkjqx/Application/Runtime/Cache/Pangu/2e381630574c73bb468f9ce8cd35ba23.php 第 96 行.
NOTIC: [8] Undefined variable: url /alidata/www/xmzkjqx/Application/Runtime/Cache/Pangu/2e381630574c73bb468f9ce8cd35ba23.php 第 96 行.
NOTIC: [8] Undefined variable: url /alidata/www/xmzkjqx/Application/Runtime/Cache/Pangu/2e381630574c73bb468f9ce8cd35ba23.php 第 96 行.
NOTIC: [8] Undefined variable: url /alidata/www/xmzkjqx/Application/Runtime/Cache/Pangu/2e381630574c73bb468f9ce8cd35ba23.php 第 96 行.
NOTIC: [8] Undefined variable: url /alidata/www/xmzkjqx/Application/Runtime/Cache/Pangu/2e381630574c73bb468f9ce8cd35ba23.php 第 96 行.
NOTIC: [8] Undefined variable: url /alidata/www/xmzkjqx/Application/Runtime/Cache/Pangu/2e381630574c73bb468f9ce8cd35ba23.php 第 96 行.
NOTIC: [8] Undefined variable: url /alidata/www/xmzkjqx/Application/Runtime/Cache/Pangu/2e381630574c73bb468f9ce8cd35ba23.php 第 96 行.
NOTIC: [8] Undefined variable: url /alidata/www/xmzkjqx/Application/Runtime/Cache/Pangu/2e381630574c73bb468f9ce8cd35ba23.php 第 96 行.
NOTIC: [8] Undefined variable: url /alidata/www/xmzkjqx/Application/Runtime/Cache/Pangu/2e381630574c73bb468f9ce8cd35ba23.php 第 96 行.
NOTIC: [8] Undefined variable: url /alidata/www/xmzkjqx/Application/Runtime/Cache/Pangu/2e381630574c73bb468f9ce8cd35ba23.php 第 96 行.
NOTIC: [8] Undefined variable: url /alidata/www/xmzkjqx/Application/Runtime/Cache/Pangu/2e381630574c73bb468f9ce8cd35ba23.php 第 96 行.
NOTIC: [8] Undefined variable: url /alidata/www/xmzkjqx/Application/Runtime/Cache/Pangu/2e381630574c73bb468f9ce8cd35ba23.php 第 96 行.
NOTIC: [8] Undefined variable: url /alidata/www/xmzkjqx/Application/Runtime/Cache/Pangu/2e381630574c73bb468f9ce8cd35ba23.php 第 96 行.
NOTIC: [8] Undefined variable: url /alidata/www/xmzkjqx/Application/Runtime/Cache/Pangu/2e381630574c73bb468f9ce8cd35ba23.php 第 96 行.
NOTIC: [8] Undefined variable: url /alidata/www/xmzkjqx/Application/Runtime/Cache/Pangu/2e381630574c73bb468f9ce8cd35ba23.php 第 96 行.
NOTIC: [8] Undefined variable: url /alidata/www/xmzkjqx/Application/Runtime/Cache/Pangu/2e381630574c73bb468f9ce8cd35ba23.php 第 96 行.
NOTIC: [8] Undefined variable: url /alidata/www/xmzkjqx/Application/Runtime/Cache/Pangu/2e381630574c73bb468f9ce8cd35ba23.php 第 96 行.
NOTIC: [8] Undefined variable: url /alidata/www/xmzkjqx/Application/Runtime/Cache/Pangu/2e381630574c73bb468f9ce8cd35ba23.php 第 96 行.
NOTIC: [8] Undefined variable: url /alidata/www/xmzkjqx/Application/Runtime/Cache/Pangu/2e381630574c73bb468f9ce8cd35ba23.php 第 96 行.
NOTIC: [8] Undefined variable: url /alidata/www/xmzkjqx/Application/Runtime/Cache/Pangu/2e381630574c73bb468f9ce8cd35ba23.php 第 96 行.
NOTIC: [8] Undefined variable: url /alidata/www/xmzkjqx/Application/Runtime/Cache/Pangu/2e381630574c73bb468f9ce8cd35ba23.php 第 96 行.
NOTIC: [8] Undefined variable: url /alidata/www/xmzkjqx/Application/Runtime/Cache/Pangu/2e381630574c73bb468f9ce8cd35ba23.php 第 96 行.
NOTIC: [8] Undefined variable: url /alidata/www/xmzkjqx/Application/Runtime/Cache/Pangu/2e381630574c73bb468f9ce8cd35ba23.php 第 96 行.
NOTIC: [8] Undefined variable: url /alidata/www/xmzkjqx/Application/Runtime/Cache/Pangu/2e381630574c73bb468f9ce8cd35ba23.php 第 96 行.
NOTIC: [8] Undefined variable: url /alidata/www/xmzkjqx/Application/Runtime/Cache/Pangu/2e381630574c73bb468f9ce8cd35ba23.php 第 96 行.
NOTIC: [8] Undefined variable: url /alidata/www/xmzkjqx/Application/Runtime/Cache/Pangu/2e381630574c73bb468f9ce8cd35ba23.php 第 96 行.
NOTIC: [8] Undefined variable: url /alidata/www/xmzkjqx/Application/Runtime/Cache/Pangu/2e381630574c73bb468f9ce8cd35ba23.php 第 96 行.
NOTIC: [8] Undefined variable: url /alidata/www/xmzkjqx/Application/Runtime/Cache/Pangu/2e381630574c73bb468f9ce8cd35ba23.php 第 96 行.
NOTIC: [8] Undefined variable: url /alidata/www/xmzkjqx/Application/Runtime/Cache/Pangu/2e381630574c73bb468f9ce8cd35ba23.php 第 96 行.
NOTIC: [8] Undefined variable: url /alidata/www/xmzkjqx/Application/Runtime/Cache/Pangu/2e381630574c73bb468f9ce8cd35ba23.php 第 96 行.
NOTIC: [8] Undefined variable: url /alidata/www/xmzkjqx/Application/Runtime/Cache/Pangu/2e381630574c73bb468f9ce8cd35ba23.php 第 96 行.
NOTIC: [8] Undefined variable: url /alidata/www/xmzkjqx/Application/Runtime/Cache/Pangu/2e381630574c73bb468f9ce8cd35ba23.php 第 96 行.
NOTIC: [8] Undefined variable: url /alidata/www/xmzkjqx/Application/Runtime/Cache/Pangu/2e381630574c73bb468f9ce8cd35ba23.php 第 96 行.
NOTIC: [8] Undefined variable: url /alidata/www/xmzkjqx/Application/Runtime/Cache/Pangu/2e381630574c73bb468f9ce8cd35ba23.php 第 96 行.
NOTIC: [8] Undefined variable: url /alidata/www/xmzkjqx/Application/Runtime/Cache/Pangu/2e381630574c73bb468f9ce8cd35ba23.php 第 96 行.
NOTIC: [8] Undefined variable: url /alidata/www/xmzkjqx/Application/Runtime/Cache/Pangu/2e381630574c73bb468f9ce8cd35ba23.php 第 96 行.
NOTIC: [8] Undefined variable: url /alidata/www/xmzkjqx/Application/Runtime/Cache/Pangu/2e381630574c73bb468f9ce8cd35ba23.php 第 96 行.
NOTIC: [8] Undefined variable: url /alidata/www/xmzkjqx/Application/Runtime/Cache/Pangu/2e381630574c73bb468f9ce8cd35ba23.php 第 96 行.
NOTIC: [8] Undefined variable: url /alidata/www/xmzkjqx/Application/Runtime/Cache/Pangu/2e381630574c73bb468f9ce8cd35ba23.php 第 96 行.
NOTIC: [8] Undefined variable: url /alidata/www/xmzkjqx/Application/Runtime/Cache/Pangu/2e381630574c73bb468f9ce8cd35ba23.php 第 96 行.
NOTIC: [8] Undefined variable: url /alidata/www/xmzkjqx/Application/Runtime/Cache/Pangu/2e381630574c73bb468f9ce8cd35ba23.php 第 96 行.
NOTIC: [8] Undefined variable: url /alidata/www/xmzkjqx/Application/Runtime/Cache/Pangu/2e381630574c73bb468f9ce8cd35ba23.php 第 96 行.
NOTIC: [8] Undefined variable: url /alidata/www/xmzkjqx/Application/Runtime/Cache/Pangu/2e381630574c73bb468f9ce8cd35ba23.php 第 96 行.
NOTIC: [8] Undefined variable: url /alidata/www/xmzkjqx/Application/Runtime/Cache/Pangu/2e381630574c73bb468f9ce8cd35ba23.php 第 96 行.
NOTIC: [8] Undefined variable: url /alidata/www/xmzkjqx/Application/Runtime/Cache/Pangu/2e381630574c73bb468f9ce8cd35ba23.php 第 96 行.
NOTIC: [8] Undefined variable: url /alidata/www/xmzkjqx/Application/Runtime/Cache/Pangu/2e381630574c73bb468f9ce8cd35ba23.php 第 96 行.
NOTIC: [8] Undefined variable: url /alidata/www/xmzkjqx/Application/Runtime/Cache/Pangu/2e381630574c73bb468f9ce8cd35ba23.php 第 96 行.
NOTIC: [8] Undefined variable: url /alidata/www/xmzkjqx/Application/Runtime/Cache/Pangu/2e381630574c73bb468f9ce8cd35ba23.php 第 96 行.
NOTIC: [8] Undefined variable: url /alidata/www/xmzkjqx/Application/Runtime/Cache/Pangu/2e381630574c73bb468f9ce8cd35ba23.php 第 96 行.
NOTIC: [8] Undefined variable: url /alidata/www/xmzkjqx/Application/Runtime/Cache/Pangu/2e381630574c73bb468f9ce8cd35ba23.php 第 96 行.
NOTIC: [8] Undefined variable: url /alidata/www/xmzkjqx/Application/Runtime/Cache/Pangu/2e381630574c73bb468f9ce8cd35ba23.php 第 96 行.
NOTIC: [8] Undefined variable: url /alidata/www/xmzkjqx/Application/Runtime/Cache/Pangu/2e381630574c73bb468f9ce8cd35ba23.php 第 96 行.
NOTIC: [8] Undefined variable: url /alidata/www/xmzkjqx/Application/Runtime/Cache/Pangu/2e381630574c73bb468f9ce8cd35ba23.php 第 96 行.
NOTIC: [8] Undefined variable: url /alidata/www/xmzkjqx/Application/Runtime/Cache/Pangu/2e381630574c73bb468f9ce8cd35ba23.php 第 96 行.
NOTIC: [8] Undefined variable: url /alidata/www/xmzkjqx/Application/Runtime/Cache/Pangu/2e381630574c73bb468f9ce8cd35ba23.php 第 96 行.
NOTIC: [8] Undefined variable: url /alidata/www/xmzkjqx/Application/Runtime/Cache/Pangu/2e381630574c73bb468f9ce8cd35ba23.php 第 96 行.
NOTIC: [8] Undefined variable: url /alidata/www/xmzkjqx/Application/Runtime/Cache/Pangu/2e381630574c73bb468f9ce8cd35ba23.php 第 96 行.
NOTIC: [8] Undefined variable: url /alidata/www/xmzkjqx/Application/Runtime/Cache/Pangu/2e381630574c73bb468f9ce8cd35ba23.php 第 96 行.
NOTIC: [8] Undefined variable: url /alidata/www/xmzkjqx/Application/Runtime/Cache/Pangu/2e381630574c73bb468f9ce8cd35ba23.php 第 96 行.
NOTIC: [8] Undefined variable: url /alidata/www/xmzkjqx/Application/Runtime/Cache/Pangu/2e381630574c73bb468f9ce8cd35ba23.php 第 96 行.
NOTIC: [8] Undefined variable: url /alidata/www/xmzkjqx/Application/Runtime/Cache/Pangu/2e381630574c73bb468f9ce8cd35ba23.php 第 96 行.
NOTIC: [8] Undefined variable: url /alidata/www/xmzkjqx/Application/Runtime/Cache/Pangu/2e381630574c73bb468f9ce8cd35ba23.php 第 96 行.
NOTIC: [8] Undefined variable: url /alidata/www/xmzkjqx/Application/Runtime/Cache/Pangu/2e381630574c73bb468f9ce8cd35ba23.php 第 96 行.
NOTIC: [8] Undefined variable: url /alidata/www/xmzkjqx/Application/Runtime/Cache/Pangu/2e381630574c73bb468f9ce8cd35ba23.php 第 96 行.
NOTIC: [8] Undefined variable: url /alidata/www/xmzkjqx/Application/Runtime/Cache/Pangu/2e381630574c73bb468f9ce8cd35ba23.php 第 96 行.
NOTIC: [8] Undefined variable: url /alidata/www/xmzkjqx/Application/Runtime/Cache/Pangu/2e381630574c73bb468f9ce8cd35ba23.php 第 96 行.
NOTIC: [8] Undefined variable: url /alidata/www/xmzkjqx/Application/Runtime/Cache/Pangu/2e381630574c73bb468f9ce8cd35ba23.php 第 96 行.
NOTIC: [8] Undefined variable: url /alidata/www/xmzkjqx/Application/Runtime/Cache/Pangu/2e381630574c73bb468f9ce8cd35ba23.php 第 96 行.
NOTIC: [8] Undefined variable: url /alidata/www/xmzkjqx/Application/Runtime/Cache/Pangu/2e381630574c73bb468f9ce8cd35ba23.php 第 96 行.
NOTIC: [8] Undefined variable: url /alidata/www/xmzkjqx/Application/Runtime/Cache/Pangu/2e381630574c73bb468f9ce8cd35ba23.php 第 96 行.
NOTIC: [8] Undefined variable: url /alidata/www/xmzkjqx/Application/Runtime/Cache/Pangu/2e381630574c73bb468f9ce8cd35ba23.php 第 96 行.
NOTIC: [8] Undefined variable: url /alidata/www/xmzkjqx/Application/Runtime/Cache/Pangu/2e381630574c73bb468f9ce8cd35ba23.php 第 96 行.
NOTIC: [8] Undefined variable: url /alidata/www/xmzkjqx/Application/Runtime/Cache/Pangu/2e381630574c73bb468f9ce8cd35ba23.php 第 96 行.
NOTIC: [8] Undefined variable: url /alidata/www/xmzkjqx/Application/Runtime/Cache/Pangu/2e381630574c73bb468f9ce8cd35ba23.php 第 96 行.
NOTIC: [8] Undefined variable: url /alidata/www/xmzkjqx/Application/Runtime/Cache/Pangu/2e381630574c73bb468f9ce8cd35ba23.php 第 96 行.
NOTIC: [8] Undefined variable: url /alidata/www/xmzkjqx/Application/Runtime/Cache/Pangu/2e381630574c73bb468f9ce8cd35ba23.php 第 96 行.
NOTIC: [8] Undefined variable: url /alidata/www/xmzkjqx/Application/Runtime/Cache/Pangu/2e381630574c73bb468f9ce8cd35ba23.php 第 96 行.
NOTIC: [8] Undefined variable: url /alidata/www/xmzkjqx/Application/Runtime/Cache/Pangu/2e381630574c73bb468f9ce8cd35ba23.php 第 96 行.
NOTIC: [8] Undefined variable: url /alidata/www/xmzkjqx/Application/Runtime/Cache/Pangu/2e381630574c73bb468f9ce8cd35ba23.php 第 96 行.
NOTIC: [8] Undefined variable: url /alidata/www/xmzkjqx/Application/Runtime/Cache/Pangu/2e381630574c73bb468f9ce8cd35ba23.php 第 96 行.
NOTIC: [8] Undefined variable: url /alidata/www/xmzkjqx/Application/Runtime/Cache/Pangu/2e381630574c73bb468f9ce8cd35ba23.php 第 96 行.
NOTIC: [8] Undefined variable: url /alidata/www/xmzkjqx/Application/Runtime/Cache/Pangu/2e381630574c73bb468f9ce8cd35ba23.php 第 96 行.
NOTIC: [8] Undefined variable: url /alidata/www/xmzkjqx/Application/Runtime/Cache/Pangu/2e381630574c73bb468f9ce8cd35ba23.php 第 96 行.
NOTIC: [8] Undefined variable: url /alidata/www/xmzkjqx/Application/Runtime/Cache/Pangu/2e381630574c73bb468f9ce8cd35ba23.php 第 96 行.
NOTIC: [8] Undefined variable: url /alidata/www/xmzkjqx/Application/Runtime/Cache/Pangu/2e381630574c73bb468f9ce8cd35ba23.php 第 96 行.
NOTIC: [8] Undefined variable: url /alidata/www/xmzkjqx/Application/Runtime/Cache/Pangu/2e381630574c73bb468f9ce8cd35ba23.php 第 96 行.
NOTIC: [8] Undefined variable: url /alidata/www/xmzkjqx/Application/Runtime/Cache/Pangu/2e381630574c73bb468f9ce8cd35ba23.php 第 96 行.
NOTIC: [8] Undefined variable: url /alidata/www/xmzkjqx/Application/Runtime/Cache/Pangu/2e381630574c73bb468f9ce8cd35ba23.php 第 96 行.
NOTIC: [8] Undefined variable: url /alidata/www/xmzkjqx/Application/Runtime/Cache/Pangu/2e381630574c73bb468f9ce8cd35ba23.php 第 96 行.
NOTIC: [8] Undefined variable: url /alidata/www/xmzkjqx/Application/Runtime/Cache/Pangu/2e381630574c73bb468f9ce8cd35ba23.php 第 96 行.
NOTIC: [8] Undefined variable: url /alidata/www/xmzkjqx/Application/Runtime/Cache/Pangu/2e381630574c73bb468f9ce8cd35ba23.php 第 96 行.
NOTIC: [8] Undefined variable: url /alidata/www/xmzkjqx/Application/Runtime/Cache/Pangu/2e381630574c73bb468f9ce8cd35ba23.php 第 96 行.
NOTIC: [8] Undefined variable: url /alidata/www/xmzkjqx/Application/Runtime/Cache/Pangu/2e381630574c73bb468f9ce8cd35ba23.php 第 96 行.
NOTIC: [8] Undefined variable: url /alidata/www/xmzkjqx/Application/Runtime/Cache/Pangu/2e381630574c73bb468f9ce8cd35ba23.php 第 96 行.
NOTIC: [8] Undefined variable: url /alidata/www/xmzkjqx/Application/Runtime/Cache/Pangu/2e381630574c73bb468f9ce8cd35ba23.php 第 96 行.
NOTIC: [8] Undefined variable: url /alidata/www/xmzkjqx/Application/Runtime/Cache/Pangu/2e381630574c73bb468f9ce8cd35ba23.php 第 96 行.
NOTIC: [8] Undefined variable: url /alidata/www/xmzkjqx/Application/Runtime/Cache/Pangu/2e381630574c73bb468f9ce8cd35ba23.php 第 96 行.
NOTIC: [8] Undefined variable: url /alidata/www/xmzkjqx/Application/Runtime/Cache/Pangu/2e381630574c73bb468f9ce8cd35ba23.php 第 96 行.
NOTIC: [8] Undefined variable: url /alidata/www/xmzkjqx/Application/Runtime/Cache/Pangu/2e381630574c73bb468f9ce8cd35ba23.php 第 96 行.
NOTIC: [8] Undefined variable: url /alidata/www/xmzkjqx/Application/Runtime/Cache/Pangu/2e381630574c73bb468f9ce8cd35ba23.php 第 96 行.
NOTIC: [8] Undefined variable: url /alidata/www/xmzkjqx/Application/Runtime/Cache/Pangu/2e381630574c73bb468f9ce8cd35ba23.php 第 96 行.
NOTIC: [8] Undefined variable: url /alidata/www/xmzkjqx/Application/Runtime/Cache/Pangu/2e381630574c73bb468f9ce8cd35ba23.php 第 96 行.
NOTIC: [8] Undefined variable: url /alidata/www/xmzkjqx/Application/Runtime/Cache/Pangu/2e381630574c73bb468f9ce8cd35ba23.php 第 96 行.
NOTIC: [8] Undefined variable: url /alidata/www/xmzkjqx/Application/Runtime/Cache/Pangu/2e381630574c73bb468f9ce8cd35ba23.php 第 96 行.
NOTIC: [8] Undefined variable: url /alidata/www/xmzkjqx/Application/Runtime/Cache/Pangu/2e381630574c73bb468f9ce8cd35ba23.php 第 96 行.
NOTIC: [8] Undefined variable: url /alidata/www/xmzkjqx/Application/Runtime/Cache/Pangu/2e381630574c73bb468f9ce8cd35ba23.php 第 96 行.
NOTIC: [8] Undefined variable: url /alidata/www/xmzkjqx/Application/Runtime/Cache/Pangu/2e381630574c73bb468f9ce8cd35ba23.php 第 96 行.
NOTIC: [8] Undefined variable: url /alidata/www/xmzkjqx/Application/Runtime/Cache/Pangu/2e381630574c73bb468f9ce8cd35ba23.php 第 96 行.
NOTIC: [8] Undefined variable: url /alidata/www/xmzkjqx/Application/Runtime/Cache/Pangu/2e381630574c73bb468f9ce8cd35ba23.php 第 96 行.
NOTIC: [8] Undefined variable: url /alidata/www/xmzkjqx/Application/Runtime/Cache/Pangu/2e381630574c73bb468f9ce8cd35ba23.php 第 96 行.
NOTIC: [8] Undefined variable: url /alidata/www/xmzkjqx/Application/Runtime/Cache/Pangu/2e381630574c73bb468f9ce8cd35ba23.php 第 96 行.
NOTIC: [8] Undefined variable: url /alidata/www/xmzkjqx/Application/Runtime/Cache/Pangu/2e381630574c73bb468f9ce8cd35ba23.php 第 96 行.
NOTIC: [8] Undefined variable: url /alidata/www/xmzkjqx/Application/Runtime/Cache/Pangu/2e381630574c73bb468f9ce8cd35ba23.php 第 96 行.
NOTIC: [8] Undefined variable: url /alidata/www/xmzkjqx/Application/Runtime/Cache/Pangu/2e381630574c73bb468f9ce8cd35ba23.php 第 96 行.
NOTIC: [8] Undefined variable: url /alidata/www/xmzkjqx/Application/Runtime/Cache/Pangu/2e381630574c73bb468f9ce8cd35ba23.php 第 96 行.
NOTIC: [8] Undefined variable: url /alidata/www/xmzkjqx/Application/Runtime/Cache/Pangu/2e381630574c73bb468f9ce8cd35ba23.php 第 96 行.
NOTIC: [8] Undefined variable: url /alidata/www/xmzkjqx/Application/Runtime/Cache/Pangu/2e381630574c73bb468f9ce8cd35ba23.php 第 96 行.
NOTIC: [8] Undefined variable: url /alidata/www/xmzkjqx/Application/Runtime/Cache/Pangu/2e381630574c73bb468f9ce8cd35ba23.php 第 96 行.
NOTIC: [8] Undefined variable: url /alidata/www/xmzkjqx/Application/Runtime/Cache/Pangu/2e381630574c73bb468f9ce8cd35ba23.php 第 96 行.
NOTIC: [8] Undefined variable: url /alidata/www/xmzkjqx/Application/Runtime/Cache/Pangu/2e381630574c73bb468f9ce8cd35ba23.php 第 96 行.
NOTIC: [8] Undefined variable: url /alidata/www/xmzkjqx/Application/Runtime/Cache/Pangu/2e381630574c73bb468f9ce8cd35ba23.php 第 96 行.
NOTIC: [8] Undefined variable: url /alidata/www/xmzkjqx/Application/Runtime/Cache/Pangu/2e381630574c73bb468f9ce8cd35ba23.php 第 96 行.
NOTIC: [8] Undefined variable: url /alidata/www/xmzkjqx/Application/Runtime/Cache/Pangu/2e381630574c73bb468f9ce8cd35ba23.php 第 96 行.
NOTIC: [8] Undefined variable: url /alidata/www/xmzkjqx/Application/Runtime/Cache/Pangu/2e381630574c73bb468f9ce8cd35ba23.php 第 96 行.
NOTIC: [8] Undefined variable: url /alidata/www/xmzkjqx/Application/Runtime/Cache/Pangu/2e381630574c73bb468f9ce8cd35ba23.php 第 96 行.
NOTIC: [8] Undefined variable: url /alidata/www/xmzkjqx/Application/Runtime/Cache/Pangu/2e381630574c73bb468f9ce8cd35ba23.php 第 96 行.
NOTIC: [8] Undefined variable: url /alidata/www/xmzkjqx/Application/Runtime/Cache/Pangu/2e381630574c73bb468f9ce8cd35ba23.php 第 96 行.
NOTIC: [8] Undefined variable: url /alidata/www/xmzkjqx/Application/Runtime/Cache/Pangu/2e381630574c73bb468f9ce8cd35ba23.php 第 96 行.
INFO: Run Behavior\ParseTemplateBehavior [ RunTime:0.036910s ]
INFO: [ view_parse ] --END-- [ RunTime:0.036983s ]
INFO: [ view_filter ] --START--
INFO: Run Behavior\WriteHtmlCacheBehavior [ RunTime:0.000282s ]
INFO: [ view_filter ] --END-- [ RunTime:0.000329s ]
INFO: [ app_end ] --START--
INFO: Run Behavior\ShowPageTraceBehavior [ RunTime:0.000617s ]
INFO: [ app_end ] --END-- [ RunTime:0.000756s ]

